I, [2016-09-13T22:14:27.938256 #51985]  INFO -- default-windows-2008r2sp1: -----> Converging <default-windows-2008r2sp1>...
I, [2016-09-13T22:14:27.938928 #51985]  INFO -- default-windows-2008r2sp1: Preparing files for transfer
I, [2016-09-13T22:14:27.939033 #51985]  INFO -- default-windows-2008r2sp1: Preparing dna.json
I, [2016-09-13T22:14:27.939418 #51985]  INFO -- default-windows-2008r2sp1: Preparing current project directory as a cookbook
I, [2016-09-13T22:14:27.945098 #51985]  INFO -- default-windows-2008r2sp1: Removing non-cookbook files before transfer
I, [2016-09-13T22:14:27.946468 #51985]  INFO -- default-windows-2008r2sp1: Preparing validation.pem
I, [2016-09-13T22:14:27.947282 #51985]  INFO -- default-windows-2008r2sp1: Preparing client.rb
I, [2016-09-13T22:14:31.700512 #51985]  INFO -- default-windows-2008r2sp1: -----> Chef Omnibus installation detected (12.13.37)
I, [2016-09-13T22:14:31.700656 #51985]  INFO -- default-windows-2008r2sp1: 
I, [2016-09-13T22:14:32.262431 #51985]  INFO -- default-windows-2008r2sp1: Transferring files to <default-windows-2008r2sp1>
I, [2016-09-13T22:14:39.900765 #51985]  INFO -- default-windows-2008r2sp1: [2016-09-14T02:14:38+00:00] DEBUG: Sleeping for 0 seconds
I, [2016-09-13T22:14:39.900888 #51985]  INFO -- default-windows-2008r2sp1: [2016-09-14T02:14:38+00:00] INFO: Started chef-zero at chefzero://localhost:8889 with repository at C:/Users/ADMINI~1/AppData/Local/Temp/kitchen, C:/Users/ADMINI~1/AppData/Local/Temp/kitchen
I, [2016-09-13T22:14:39.900910 #51985]  INFO -- default-windows-2008r2sp1:   One version per cookbook
I, [2016-09-13T22:14:39.900924 #51985]  INFO -- default-windows-2008r2sp1: 
I, [2016-09-13T22:14:39.901033 #51985]  INFO -- default-windows-2008r2sp1: [2016-09-14T02:14:38+00:00] DEBUG: Running Ohai with the following configuration: {:log_location=>#<IO:<STDOUT>>, :node_name=>"default-windows-2008r2sp1", :checksum_path=>"C:\\Users\\ADMINI~1\\AppData\\Local\\Temp\\kitchen\\checksums", :file_cache_path=>"C:\\Users\\ADMINI~1\\AppData\\Local\\Temp\\kitchen\\cache", :file_backup_path=>"C:\\Users\\ADMINI~1\\AppData\\Local\\Temp\\kitchen\\backup", :cookbook_path=>["C:\\Users\\ADMINI~1\\AppData\\Local\\Temp\\kitchen\\cookbooks", "C:\\Users\\ADMINI~1\\AppData\\Local\\Temp\\kitchen\\site-cookbooks"], :data_bag_path=>"C:\\Users\\ADMINI~1\\AppData\\Local\\Temp\\kitchen\\data_bags", :environment_path=>"C:\\Users\\ADMINI~1\\AppData\\Local\\Temp\\kitchen\\environments", :node_path=>"C:\\Users\\ADMINI~1\\AppData\\Local\\Temp\\kitchen\\nodes", :role_path=>"C:\\Users\\ADMINI~1\\AppData\\Local\\Temp\\kitchen\\roles", :client_path=>"C:\\Users\\ADMINI~1\\AppData\\Local\\Temp\\kitchen\\clients", :user_path=>"C:\\Users\\ADMINI~1\\AppData\\Local\\Temp\\kitchen\\users", :validation_key=>"C:\\Users\\ADMINI~1\\AppData\\Local\\Temp\\kitchen\\validation.pem", :client_key=>"C:\\Users\\ADMINI~1\\AppData\\Local\\Temp\\kitchen\\client.pem", :chef_server_url=>"chefzero://localhost:8889", :encrypted_data_bag_secret=>"C:\\Users\\ADMINI~1\\AppData\\Local\\Temp\\kitchen\\encrypted_data_bag_secret", :force_logger=>false, :force_formatter=>true, :profile_ruby=>false, :color=>false, :local_mode=>true, :config_file=>"C:/Users/ADMINI~1/AppData/Local/Temp/kitchen/client.rb", :log_level=>:debug, :json_attribs=>"C:\\Users\\ADMINI~1\\AppData\\Local\\Temp\\kitchen\\dna.json", :chef_zero_port=>"8889", :specific_recipes=>[]}
I, [2016-09-13T22:14:39.901329 #51985]  INFO -- default-windows-2008r2sp1: Starting Chef Client, version 12.13.37
I, [2016-09-13T22:14:39.901376 #51985]  INFO -- default-windows-2008r2sp1: [2016-09-14T02:14:38+00:00] INFO: *** Chef 12.13.37 ***
I, [2016-09-13T22:14:39.901393 #51985]  INFO -- default-windows-2008r2sp1: [2016-09-14T02:14:38+00:00] INFO: Platform: x64-mingw32
I, [2016-09-13T22:14:39.901407 #51985]  INFO -- default-windows-2008r2sp1: [2016-09-14T02:14:38+00:00] INFO: Chef-client pid: 1580
I, [2016-09-13T22:14:39.901420 #51985]  INFO -- default-windows-2008r2sp1: [2016-09-14T02:14:38+00:00] DEBUG: Chef-client request_id: 7111266c-e429-4e74-a153-94ee1b9ee1ff
I, [2016-09-13T22:14:39.901435 #51985]  INFO -- default-windows-2008r2sp1: [2016-09-14T02:14:38+00:00] DEBUG: Running Ohai with the following configuration: {:log_location=>#<IO:<STDOUT>>, :node_name=>"default-windows-2008r2sp1", :checksum_path=>"C:\\Users\\ADMINI~1\\AppData\\Local\\Temp\\kitchen\\checksums", :file_cache_path=>"C:\\Users\\ADMINI~1\\AppData\\Local\\Temp\\kitchen\\cache", :file_backup_path=>"C:\\Users\\ADMINI~1\\AppData\\Local\\Temp\\kitchen\\backup", :cookbook_path=>["C:\\Users\\ADMINI~1\\AppData\\Local\\Temp\\kitchen\\cookbooks", "C:\\Users\\ADMINI~1\\AppData\\Local\\Temp\\kitchen\\site-cookbooks"], :data_bag_path=>"C:\\Users\\ADMINI~1\\AppData\\Local\\Temp\\kitchen\\data_bags", :environment_path=>"C:\\Users\\ADMINI~1\\AppData\\Local\\Temp\\kitchen\\environments", :node_path=>"C:\\Users\\ADMINI~1\\AppData\\Local\\Temp\\kitchen\\nodes", :role_path=>"C:\\Users\\ADMINI~1\\AppData\\Local\\Temp\\kitchen\\roles", :client_path=>"C:\\Users\\ADMINI~1\\AppData\\Local\\Temp\\kitchen\\clients", :user_path=>"C:\\Users\\ADMINI~1\\AppData\\Local\\Temp\\kitchen\\users", :validation_key=>"C:\\Users\\ADMINI~1\\AppData\\Local\\Temp\\kitchen\\validation.pem", :client_key=>"C:\\Users\\ADMINI~1\\AppData\\Local\\Temp\\kitchen\\client.pem", :chef_server_url=>"chefzero://localhost:8889", :encrypted_data_bag_secret=>"C:\\Users\\ADMINI~1\\AppData\\Local\\Temp\\kitchen\\encrypted_data_bag_secret", :force_logger=>false, :force_formatter=>true, :profile_ruby=>false, :color=>false, :local_mode=>true, :config_file=>"C:/Users/ADMINI~1/AppData/Local/Temp/kitchen/client.rb", :log_level=>:debug, :json_attribs=>"C:\\Users\\ADMINI~1\\AppData\\Local\\Temp\\kitchen\\dna.json", :chef_zero_port=>"8889", :specific_recipes=>[], :formatters=>[], :event_handlers=>[]}
I, [2016-09-13T22:14:39.901465 #51985]  INFO -- default-windows-2008r2sp1: [2016-09-14T02:14:38+00:00] DEBUG: Searching for Ohai plugins in C:/opscode/chef/embedded/lib/ruby/gems/2.1.0/gems/ohai-8.19.1/lib/ohai/plugins
I, [2016-09-13T22:14:39.901490 #51985]  INFO -- default-windows-2008r2sp1: [2016-09-14T02:14:38+00:00] DEBUG: Loading plugin at C:/opscode/chef/embedded/lib/ruby/gems/2.1.0/gems/ohai-8.19.1/lib/ohai/plugins/aix/cpu.rb
I, [2016-09-13T22:14:39.901503 #51985]  INFO -- default-windows-2008r2sp1: [2016-09-14T02:14:38+00:00] DEBUG: Loading plugin at C:/opscode/chef/embedded/lib/ruby/gems/2.1.0/gems/ohai-8.19.1/lib/ohai/plugins/aix/filesystem.rb
I, [2016-09-13T22:14:39.901515 #51985]  INFO -- default-windows-2008r2sp1: [2016-09-14T02:14:38+00:00] DEBUG: Loading plugin at C:/opscode/chef/embedded/lib/ruby/gems/2.1.0/gems/ohai-8.19.1/lib/ohai/plugins/aix/kernel.rb
I, [2016-09-13T22:14:39.901526 #51985]  INFO -- default-windows-2008r2sp1: [2016-09-14T02:14:38+00:00] DEBUG: Loading plugin at C:/opscode/chef/embedded/lib/ruby/gems/2.1.0/gems/ohai-8.19.1/lib/ohai/plugins/aix/memory.rb
I, [2016-09-13T22:14:39.901539 #51985]  INFO -- default-windows-2008r2sp1: [2016-09-14T02:14:38+00:00] DEBUG: Loading plugin at C:/opscode/chef/embedded/lib/ruby/gems/2.1.0/gems/ohai-8.19.1/lib/ohai/plugins/aix/network.rb
I, [2016-09-13T22:14:39.901555 #51985]  INFO -- default-windows-2008r2sp1: [2016-09-14T02:14:38+00:00] DEBUG: Loading plugin at C:/opscode/chef/embedded/lib/ruby/gems/2.1.0/gems/ohai-8.19.1/lib/ohai/plugins/aix/os.rb
I, [2016-09-13T22:14:39.901567 #51985]  INFO -- default-windows-2008r2sp1: [2016-09-14T02:14:38+00:00] DEBUG: Loading plugin at C:/opscode/chef/embedded/lib/ruby/gems/2.1.0/gems/ohai-8.19.1/lib/ohai/plugins/aix/platform.rb
I, [2016-09-13T22:14:39.901579 #51985]  INFO -- default-windows-2008r2sp1: [2016-09-14T02:14:38+00:00] DEBUG: Loading plugin at C:/opscode/chef/embedded/lib/ruby/gems/2.1.0/gems/ohai-8.19.1/lib/ohai/plugins/aix/uptime.rb
I, [2016-09-13T22:14:39.901591 #51985]  INFO -- default-windows-2008r2sp1: [2016-09-14T02:14:38+00:00] DEBUG: Loading plugin at C:/opscode/chef/embedded/lib/ruby/gems/2.1.0/gems/ohai-8.19.1/lib/ohai/plugins/aix/virtualization.rb
I, [2016-09-13T22:14:39.901607 #51985]  INFO -- default-windows-2008r2sp1: [2016-09-14T02:14:38+00:00] DEBUG: Loading plugin at C:/opscode/chef/embedded/lib/ruby/gems/2.1.0/gems/ohai-8.19.1/lib/ohai/plugins/azure.rb
I, [2016-09-13T22:14:39.901624 #51985]  INFO -- default-windows-2008r2sp1: [2016-09-14T02:14:38+00:00] DEBUG: Loading plugin at C:/opscode/chef/embedded/lib/ruby/gems/2.1.0/gems/ohai-8.19.1/lib/ohai/plugins/bsd/filesystem.rb
I, [2016-09-13T22:14:39.901641 #51985]  INFO -- default-windows-2008r2sp1: [2016-09-14T02:14:38+00:00] DEBUG: Loading plugin at C:/opscode/chef/embedded/lib/ruby/gems/2.1.0/gems/ohai-8.19.1/lib/ohai/plugins/bsd/virtualization.rb
I, [2016-09-13T22:14:39.901653 #51985]  INFO -- default-windows-2008r2sp1: [2016-09-14T02:14:38+00:00] DEBUG: Loading plugin at C:/opscode/chef/embedded/lib/ruby/gems/2.1.0/gems/ohai-8.19.1/lib/ohai/plugins/c.rb
I, [2016-09-13T22:14:39.901667 #51985]  INFO -- default-windows-2008r2sp1: [2016-09-14T02:14:38+00:00] DEBUG: Loading plugin at C:/opscode/chef/embedded/lib/ruby/gems/2.1.0/gems/ohai-8.19.1/lib/ohai/plugins/chef.rb
I, [2016-09-13T22:14:39.902168 #51985]  INFO -- default-windows-2008r2sp1: [2016-09-14T02:14:38+00:00] DEBUG: Loading plugin at C:/opscode/chef/embedded/lib/ruby/gems/2.1.0/gems/ohai-8.19.1/lib/ohai/plugins/cloud.rb
I, [2016-09-13T22:14:39.902220 #51985]  INFO -- default-windows-2008r2sp1: [2016-09-14T02:14:38+00:00] DEBUG: Loading plugin at C:/opscode/chef/embedded/lib/ruby/gems/2.1.0/gems/ohai-8.19.1/lib/ohai/plugins/cloud_v2.rb
I, [2016-09-13T22:14:39.902239 #51985]  INFO -- default-windows-2008r2sp1: [2016-09-14T02:14:38+00:00] DEBUG: Loading plugin at C:/opscode/chef/embedded/lib/ruby/gems/2.1.0/gems/ohai-8.19.1/lib/ohai/plugins/command.rb
I, [2016-09-13T22:14:39.902268 #51985]  INFO -- default-windows-2008r2sp1: [2016-09-14T02:14:38+00:00] DEBUG: Loading plugin at C:/opscode/chef/embedded/lib/ruby/gems/2.1.0/gems/ohai-8.19.1/lib/ohai/plugins/darwin/cpu.rb
I, [2016-09-13T22:14:39.902298 #51985]  INFO -- default-windows-2008r2sp1: [2016-09-14T02:14:38+00:00] DEBUG: Loading plugin at C:/opscode/chef/embedded/lib/ruby/gems/2.1.0/gems/ohai-8.19.1/lib/ohai/plugins/darwin/filesystem.rb
I, [2016-09-13T22:14:39.902324 #51985]  INFO -- default-windows-2008r2sp1: [2016-09-14T02:14:38+00:00] DEBUG: Loading plugin at C:/opscode/chef/embedded/lib/ruby/gems/2.1.0/gems/ohai-8.19.1/lib/ohai/plugins/darwin/filesystem2.rb
I, [2016-09-13T22:14:39.902354 #51985]  INFO -- default-windows-2008r2sp1: [2016-09-14T02:14:38+00:00] DEBUG: Loading plugin at C:/opscode/chef/embedded/lib/ruby/gems/2.1.0/gems/ohai-8.19.1/lib/ohai/plugins/darwin/hardware.rb
I, [2016-09-13T22:14:39.902370 #51985]  INFO -- default-windows-2008r2sp1: [2016-09-14T02:14:38+00:00] DEBUG: Loading plugin at C:/opscode/chef/embedded/lib/ruby/gems/2.1.0/gems/ohai-8.19.1/lib/ohai/plugins/darwin/memory.rb
I, [2016-09-13T22:14:39.902384 #51985]  INFO -- default-windows-2008r2sp1: [2016-09-14T02:14:38+00:00] DEBUG: Loading plugin at C:/opscode/chef/embedded/lib/ruby/gems/2.1.0/gems/ohai-8.19.1/lib/ohai/plugins/darwin/network.rb
I, [2016-09-13T22:14:39.902403 #51985]  INFO -- default-windows-2008r2sp1: [2016-09-14T02:14:38+00:00] DEBUG: Loading plugin at C:/opscode/chef/embedded/lib/ruby/gems/2.1.0/gems/ohai-8.19.1/lib/ohai/plugins/darwin/platform.rb
I, [2016-09-13T22:14:39.902414 #51985]  INFO -- default-windows-2008r2sp1: [2016-09-14T02:14:38+00:00] DEBUG: Loading plugin at C:/opscode/chef/embedded/lib/ruby/gems/2.1.0/gems/ohai-8.19.1/lib/ohai/plugins/darwin/system_profiler.rb
I, [2016-09-13T22:14:39.902435 #51985]  INFO -- default-windows-2008r2sp1: [2016-09-14T02:14:38+00:00] DEBUG: Loading plugin at C:/opscode/chef/embedded/lib/ruby/gems/2.1.0/gems/ohai-8.19.1/lib/ohai/plugins/darwin/virtualization.rb
I, [2016-09-13T22:14:39.902450 #51985]  INFO -- default-windows-2008r2sp1: [2016-09-14T02:14:38+00:00] DEBUG: Loading plugin at C:/opscode/chef/embedded/lib/ruby/gems/2.1.0/gems/ohai-8.19.1/lib/ohai/plugins/digital_ocean.rb
I, [2016-09-13T22:14:39.902720 #51985]  INFO -- default-windows-2008r2sp1: [2016-09-14T02:14:38+00:00] DEBUG: Loading plugin at C:/opscode/chef/embedded/lib/ruby/gems/2.1.0/gems/ohai-8.19.1/lib/ohai/plugins/dmi.rb
I, [2016-09-13T22:14:39.902747 #51985]  INFO -- default-windows-2008r2sp1: [2016-09-14T02:14:38+00:00] DEBUG: Loading plugin at C:/opscode/chef/embedded/lib/ruby/gems/2.1.0/gems/ohai-8.19.1/lib/ohai/plugins/dragonflybsd/cpu.rb
I, [2016-09-13T22:14:39.902781 #51985]  INFO -- default-windows-2008r2sp1: [2016-09-14T02:14:38+00:00] DEBUG: Loading plugin at C:/opscode/chef/embedded/lib/ruby/gems/2.1.0/gems/ohai-8.19.1/lib/ohai/plugins/dragonflybsd/memory.rb
I, [2016-09-13T22:14:39.902798 #51985]  INFO -- default-windows-2008r2sp1: [2016-09-14T02:14:38+00:00] DEBUG: Loading plugin at C:/opscode/chef/embedded/lib/ruby/gems/2.1.0/gems/ohai-8.19.1/lib/ohai/plugins/dragonflybsd/network.rb
I, [2016-09-13T22:14:39.902815 #51985]  INFO -- default-windows-2008r2sp1: [2016-09-14T02:14:38+00:00] DEBUG: Loading plugin at C:/opscode/chef/embedded/lib/ruby/gems/2.1.0/gems/ohai-8.19.1/lib/ohai/plugins/dragonflybsd/os.rb
I, [2016-09-13T22:14:39.902834 #51985]  INFO -- default-windows-2008r2sp1: [2016-09-14T02:14:38+00:00] DEBUG: Loading plugin at C:/opscode/chef/embedded/lib/ruby/gems/2.1.0/gems/ohai-8.19.1/lib/ohai/plugins/dragonflybsd/platform.rb
I, [2016-09-13T22:14:39.902847 #51985]  INFO -- default-windows-2008r2sp1: [2016-09-14T02:14:38+00:00] DEBUG: Loading plugin at C:/opscode/chef/embedded/lib/ruby/gems/2.1.0/gems/ohai-8.19.1/lib/ohai/plugins/ec2.rb
I, [2016-09-13T22:14:39.902862 #51985]  INFO -- default-windows-2008r2sp1: [2016-09-14T02:14:38+00:00] DEBUG: Loading plugin at C:/opscode/chef/embedded/lib/ruby/gems/2.1.0/gems/ohai-8.19.1/lib/ohai/plugins/elixir.rb
I, [2016-09-13T22:14:39.902878 #51985]  INFO -- default-windows-2008r2sp1: [2016-09-14T02:14:38+00:00] DEBUG: Loading plugin at C:/opscode/chef/embedded/lib/ruby/gems/2.1.0/gems/ohai-8.19.1/lib/ohai/plugins/erlang.rb
I, [2016-09-13T22:14:39.902893 #51985]  INFO -- default-windows-2008r2sp1: [2016-09-14T02:14:38+00:00] DEBUG: Loading plugin at C:/opscode/chef/embedded/lib/ruby/gems/2.1.0/gems/ohai-8.19.1/lib/ohai/plugins/eucalyptus.rb
I, [2016-09-13T22:14:39.902907 #51985]  INFO -- default-windows-2008r2sp1: [2016-09-14T02:14:38+00:00] DEBUG: Loading plugin at C:/opscode/chef/embedded/lib/ruby/gems/2.1.0/gems/ohai-8.19.1/lib/ohai/plugins/freebsd/cpu.rb
I, [2016-09-13T22:14:39.902927 #51985]  INFO -- default-windows-2008r2sp1: [2016-09-14T02:14:38+00:00] DEBUG: Loading plugin at C:/opscode/chef/embedded/lib/ruby/gems/2.1.0/gems/ohai-8.19.1/lib/ohai/plugins/freebsd/memory.rb
I, [2016-09-13T22:14:39.902938 #51985]  INFO -- default-windows-2008r2sp1: [2016-09-14T02:14:38+00:00] DEBUG: Loading plugin at C:/opscode/chef/embedded/lib/ruby/gems/2.1.0/gems/ohai-8.19.1/lib/ohai/plugins/freebsd/network.rb
I, [2016-09-13T22:14:39.902954 #51985]  INFO -- default-windows-2008r2sp1: [2016-09-14T02:14:38+00:00] DEBUG: Loading plugin at C:/opscode/chef/embedded/lib/ruby/gems/2.1.0/gems/ohai-8.19.1/lib/ohai/plugins/freebsd/os.rb
I, [2016-09-13T22:14:39.902970 #51985]  INFO -- default-windows-2008r2sp1: [2016-09-14T02:14:38+00:00] DEBUG: Loading plugin at C:/opscode/chef/embedded/lib/ruby/gems/2.1.0/gems/ohai-8.19.1/lib/ohai/plugins/freebsd/platform.rb
I, [2016-09-13T22:14:39.902988 #51985]  INFO -- default-windows-2008r2sp1: [2016-09-14T02:14:38+00:00] DEBUG: Loading plugin at C:/opscode/chef/embedded/lib/ruby/gems/2.1.0/gems/ohai-8.19.1/lib/ohai/plugins/gce.rb
I, [2016-09-13T22:14:39.903275 #51985]  INFO -- default-windows-2008r2sp1: [2016-09-14T02:14:38+00:00] DEBUG: Loading plugin at C:/opscode/chef/embedded/lib/ruby/gems/2.1.0/gems/ohai-8.19.1/lib/ohai/plugins/go.rb
I, [2016-09-13T22:14:39.903307 #51985]  INFO -- default-windows-2008r2sp1: [2016-09-14T02:14:38+00:00] DEBUG: Loading plugin at C:/opscode/chef/embedded/lib/ruby/gems/2.1.0/gems/ohai-8.19.1/lib/ohai/plugins/groovy.rb
I, [2016-09-13T22:14:39.903321 #51985]  INFO -- default-windows-2008r2sp1: [2016-09-14T02:14:38+00:00] DEBUG: Loading plugin at C:/opscode/chef/embedded/lib/ruby/gems/2.1.0/gems/ohai-8.19.1/lib/ohai/plugins/hostname.rb
I, [2016-09-13T22:14:39.903338 #51985]  INFO -- default-windows-2008r2sp1: [2016-09-14T02:14:38+00:00] DEBUG: Loading plugin at C:/opscode/chef/embedded/lib/ruby/gems/2.1.0/gems/ohai-8.19.1/lib/ohai/plugins/init_package.rb
I, [2016-09-13T22:14:39.903360 #51985]  INFO -- default-windows-2008r2sp1: [2016-09-14T02:14:38+00:00] DEBUG: Loading plugin at C:/opscode/chef/embedded/lib/ruby/gems/2.1.0/gems/ohai-8.19.1/lib/ohai/plugins/ip_scopes.rb
I, [2016-09-13T22:14:39.903377 #51985]  INFO -- default-windows-2008r2sp1: [2016-09-14T02:14:38+00:00] DEBUG: Loading plugin at C:/opscode/chef/embedded/lib/ruby/gems/2.1.0/gems/ohai-8.19.1/lib/ohai/plugins/java.rb
I, [2016-09-13T22:14:39.903398 #51985]  INFO -- default-windows-2008r2sp1: [2016-09-14T02:14:38+00:00] DEBUG: Loading plugin at C:/opscode/chef/embedded/lib/ruby/gems/2.1.0/gems/ohai-8.19.1/lib/ohai/plugins/joyent.rb
I, [2016-09-13T22:14:39.903410 #51985]  INFO -- default-windows-2008r2sp1: [2016-09-14T02:14:38+00:00] DEBUG: Loading plugin at C:/opscode/chef/embedded/lib/ruby/gems/2.1.0/gems/ohai-8.19.1/lib/ohai/plugins/kernel.rb
I, [2016-09-13T22:14:39.903431 #51985]  INFO -- default-windows-2008r2sp1: [2016-09-14T02:14:38+00:00] DEBUG: Loading plugin at C:/opscode/chef/embedded/lib/ruby/gems/2.1.0/gems/ohai-8.19.1/lib/ohai/plugins/keys.rb
I, [2016-09-13T22:14:39.903444 #51985]  INFO -- default-windows-2008r2sp1: [2016-09-14T02:14:38+00:00] DEBUG: Loading plugin at C:/opscode/chef/embedded/lib/ruby/gems/2.1.0/gems/ohai-8.19.1/lib/ohai/plugins/languages.rb
I, [2016-09-13T22:14:39.903458 #51985]  INFO -- default-windows-2008r2sp1: [2016-09-14T02:14:38+00:00] DEBUG: Loading plugin at C:/opscode/chef/embedded/lib/ruby/gems/2.1.0/gems/ohai-8.19.1/lib/ohai/plugins/linode.rb
I, [2016-09-13T22:14:39.903475 #51985]  INFO -- default-windows-2008r2sp1: [2016-09-14T02:14:38+00:00] DEBUG: Loading plugin at C:/opscode/chef/embedded/lib/ruby/gems/2.1.0/gems/ohai-8.19.1/lib/ohai/plugins/linux/block_device.rb
I, [2016-09-13T22:14:39.903492 #51985]  INFO -- default-windows-2008r2sp1: [2016-09-14T02:14:38+00:00] DEBUG: Loading plugin at C:/opscode/chef/embedded/lib/ruby/gems/2.1.0/gems/ohai-8.19.1/lib/ohai/plugins/linux/cpu.rb
I, [2016-09-13T22:14:39.903509 #51985]  INFO -- default-windows-2008r2sp1: [2016-09-14T02:14:38+00:00] DEBUG: Loading plugin at C:/opscode/chef/embedded/lib/ruby/gems/2.1.0/gems/ohai-8.19.1/lib/ohai/plugins/linux/filesystem.rb
I, [2016-09-13T22:14:39.903530 #51985]  INFO -- default-windows-2008r2sp1: [2016-09-14T02:14:38+00:00] DEBUG: Loading plugin at C:/opscode/chef/embedded/lib/ruby/gems/2.1.0/gems/ohai-8.19.1/lib/ohai/plugins/linux/filesystem2.rb
I, [2016-09-13T22:14:39.903542 #51985]  INFO -- default-windows-2008r2sp1: [2016-09-14T02:14:38+00:00] DEBUG: Loading plugin at C:/opscode/chef/embedded/lib/ruby/gems/2.1.0/gems/ohai-8.19.1/lib/ohai/plugins/linux/fips.rb
I, [2016-09-13T22:14:39.903554 #51985]  INFO -- default-windows-2008r2sp1: [2016-09-14T02:14:38+00:00] DEBUG: Loading plugin at C:/opscode/chef/embedded/lib/ruby/gems/2.1.0/gems/ohai-8.19.1/lib/ohai/plugins/linux/lsb.rb
I, [2016-09-13T22:14:39.903574 #51985]  INFO -- default-windows-2008r2sp1: [2016-09-14T02:14:38+00:00] DEBUG: Loading plugin at C:/opscode/chef/embedded/lib/ruby/gems/2.1.0/gems/ohai-8.19.1/lib/ohai/plugins/linux/mdadm.rb
I, [2016-09-13T22:14:39.903586 #51985]  INFO -- default-windows-2008r2sp1: [2016-09-14T02:14:38+00:00] DEBUG: Loading plugin at C:/opscode/chef/embedded/lib/ruby/gems/2.1.0/gems/ohai-8.19.1/lib/ohai/plugins/linux/memory.rb
I, [2016-09-13T22:14:39.903597 #51985]  INFO -- default-windows-2008r2sp1: [2016-09-14T02:14:38+00:00] DEBUG: Loading plugin at C:/opscode/chef/embedded/lib/ruby/gems/2.1.0/gems/ohai-8.19.1/lib/ohai/plugins/linux/network.rb
I, [2016-09-13T22:14:39.903616 #51985]  INFO -- default-windows-2008r2sp1: [2016-09-14T02:14:38+00:00] DEBUG: Loading plugin at C:/opscode/chef/embedded/lib/ruby/gems/2.1.0/gems/ohai-8.19.1/lib/ohai/plugins/linux/platform.rb
I, [2016-09-13T22:14:39.903628 #51985]  INFO -- default-windows-2008r2sp1: [2016-09-14T02:14:38+00:00] DEBUG: Loading plugin at C:/opscode/chef/embedded/lib/ruby/gems/2.1.0/gems/ohai-8.19.1/lib/ohai/plugins/linux/sessions.rb
I, [2016-09-13T22:14:39.903649 #51985]  INFO -- default-windows-2008r2sp1: [2016-09-14T02:14:38+00:00] DEBUG: Loading plugin at C:/opscode/chef/embedded/lib/ruby/gems/2.1.0/gems/ohai-8.19.1/lib/ohai/plugins/linux/virtualization.rb
I, [2016-09-13T22:14:39.904031 #51985]  INFO -- default-windows-2008r2sp1: [2016-09-14T02:14:38+00:00] DEBUG: Loading plugin at C:/opscode/chef/embedded/lib/ruby/gems/2.1.0/gems/ohai-8.19.1/lib/ohai/plugins/lua.rb
I, [2016-09-13T22:14:39.904064 #51985]  INFO -- default-windows-2008r2sp1: [2016-09-14T02:14:38+00:00] DEBUG: Loading plugin at C:/opscode/chef/embedded/lib/ruby/gems/2.1.0/gems/ohai-8.19.1/lib/ohai/plugins/mono.rb
I, [2016-09-13T22:14:39.904081 #51985]  INFO -- default-windows-2008r2sp1: [2016-09-14T02:14:38+00:00] DEBUG: Loading plugin at C:/opscode/chef/embedded/lib/ruby/gems/2.1.0/gems/ohai-8.19.1/lib/ohai/plugins/netbsd/cpu.rb
I, [2016-09-13T22:14:39.904094 #51985]  INFO -- default-windows-2008r2sp1: [2016-09-14T02:14:38+00:00] DEBUG: Loading plugin at C:/opscode/chef/embedded/lib/ruby/gems/2.1.0/gems/ohai-8.19.1/lib/ohai/plugins/netbsd/memory.rb
I, [2016-09-13T22:14:39.904107 #51985]  INFO -- default-windows-2008r2sp1: [2016-09-14T02:14:38+00:00] DEBUG: Loading plugin at C:/opscode/chef/embedded/lib/ruby/gems/2.1.0/gems/ohai-8.19.1/lib/ohai/plugins/netbsd/network.rb
I, [2016-09-13T22:14:39.904123 #51985]  INFO -- default-windows-2008r2sp1: [2016-09-14T02:14:38+00:00] DEBUG: Loading plugin at C:/opscode/chef/embedded/lib/ruby/gems/2.1.0/gems/ohai-8.19.1/lib/ohai/plugins/netbsd/platform.rb
I, [2016-09-13T22:14:39.904135 #51985]  INFO -- default-windows-2008r2sp1: [2016-09-14T02:14:38+00:00] DEBUG: Loading plugin at C:/opscode/chef/embedded/lib/ruby/gems/2.1.0/gems/ohai-8.19.1/lib/ohai/plugins/network.rb
I, [2016-09-13T22:14:39.904156 #51985]  INFO -- default-windows-2008r2sp1: [2016-09-14T02:14:38+00:00] DEBUG: Loading plugin at C:/opscode/chef/embedded/lib/ruby/gems/2.1.0/gems/ohai-8.19.1/lib/ohai/plugins/network_listeners.rb
I, [2016-09-13T22:14:39.904171 #51985]  INFO -- default-windows-2008r2sp1: [2016-09-14T02:14:38+00:00] DEBUG: Loading plugin at C:/opscode/chef/embedded/lib/ruby/gems/2.1.0/gems/ohai-8.19.1/lib/ohai/plugins/nodejs.rb
I, [2016-09-13T22:14:39.904191 #51985]  INFO -- default-windows-2008r2sp1: [2016-09-14T02:14:38+00:00] DEBUG: Loading plugin at C:/opscode/chef/embedded/lib/ruby/gems/2.1.0/gems/ohai-8.19.1/lib/ohai/plugins/ohai.rb
I, [2016-09-13T22:14:39.904206 #51985]  INFO -- default-windows-2008r2sp1: [2016-09-14T02:14:38+00:00] DEBUG: Loading plugin at C:/opscode/chef/embedded/lib/ruby/gems/2.1.0/gems/ohai-8.19.1/lib/ohai/plugins/ohai_time.rb
I, [2016-09-13T22:14:39.904220 #51985]  INFO -- default-windows-2008r2sp1: [2016-09-14T02:14:38+00:00] DEBUG: Loading plugin at C:/opscode/chef/embedded/lib/ruby/gems/2.1.0/gems/ohai-8.19.1/lib/ohai/plugins/openbsd/cpu.rb
I, [2016-09-13T22:14:39.904235 #51985]  INFO -- default-windows-2008r2sp1: [2016-09-14T02:14:38+00:00] DEBUG: Loading plugin at C:/opscode/chef/embedded/lib/ruby/gems/2.1.0/gems/ohai-8.19.1/lib/ohai/plugins/openbsd/memory.rb
I, [2016-09-13T22:14:39.904251 #51985]  INFO -- default-windows-2008r2sp1: [2016-09-14T02:14:38+00:00] DEBUG: Loading plugin at C:/opscode/chef/embedded/lib/ruby/gems/2.1.0/gems/ohai-8.19.1/lib/ohai/plugins/openbsd/network.rb
I, [2016-09-13T22:14:39.904272 #51985]  INFO -- default-windows-2008r2sp1: [2016-09-14T02:14:38+00:00] DEBUG: Loading plugin at C:/opscode/chef/embedded/lib/ruby/gems/2.1.0/gems/ohai-8.19.1/lib/ohai/plugins/openbsd/platform.rb
I, [2016-09-13T22:14:39.904284 #51985]  INFO -- default-windows-2008r2sp1: [2016-09-14T02:14:38+00:00] DEBUG: Loading plugin at C:/opscode/chef/embedded/lib/ruby/gems/2.1.0/gems/ohai-8.19.1/lib/ohai/plugins/openstack.rb
I, [2016-09-13T22:14:39.904300 #51985]  INFO -- default-windows-2008r2sp1: [2016-09-14T02:14:38+00:00] DEBUG: Loading plugin at C:/opscode/chef/embedded/lib/ruby/gems/2.1.0/gems/ohai-8.19.1/lib/ohai/plugins/os.rb
I, [2016-09-13T22:14:39.904317 #51985]  INFO -- default-windows-2008r2sp1: [2016-09-14T02:14:38+00:00] DEBUG: Loading plugin at C:/opscode/chef/embedded/lib/ruby/gems/2.1.0/gems/ohai-8.19.1/lib/ohai/plugins/packages.rb
I, [2016-09-13T22:14:39.904334 #51985]  INFO -- default-windows-2008r2sp1: [2016-09-14T02:14:38+00:00] DEBUG: Loading plugin at C:/opscode/chef/embedded/lib/ruby/gems/2.1.0/gems/ohai-8.19.1/lib/ohai/plugins/passwd.rb
I, [2016-09-13T22:14:39.904350 #51985]  INFO -- default-windows-2008r2sp1: [2016-09-14T02:14:38+00:00] DEBUG: Loading plugin at C:/opscode/chef/embedded/lib/ruby/gems/2.1.0/gems/ohai-8.19.1/lib/ohai/plugins/perl.rb
I, [2016-09-13T22:14:39.904367 #51985]  INFO -- default-windows-2008r2sp1: [2016-09-14T02:14:38+00:00] DEBUG: Loading plugin at C:/opscode/chef/embedded/lib/ruby/gems/2.1.0/gems/ohai-8.19.1/lib/ohai/plugins/php.rb
I, [2016-09-13T22:14:39.904384 #51985]  INFO -- default-windows-2008r2sp1: [2016-09-14T02:14:38+00:00] DEBUG: Loading plugin at C:/opscode/chef/embedded/lib/ruby/gems/2.1.0/gems/ohai-8.19.1/lib/ohai/plugins/platform.rb
I, [2016-09-13T22:14:39.904396 #51985]  INFO -- default-windows-2008r2sp1: [2016-09-14T02:14:38+00:00] DEBUG: Loading plugin at C:/opscode/chef/embedded/lib/ruby/gems/2.1.0/gems/ohai-8.19.1/lib/ohai/plugins/powershell.rb
I, [2016-09-13T22:14:39.904412 #51985]  INFO -- default-windows-2008r2sp1: [2016-09-14T02:14:38+00:00] DEBUG: Loading plugin at C:/opscode/chef/embedded/lib/ruby/gems/2.1.0/gems/ohai-8.19.1/lib/ohai/plugins/ps.rb
I, [2016-09-13T22:14:39.904423 #51985]  INFO -- default-windows-2008r2sp1: [2016-09-14T02:14:38+00:00] DEBUG: Loading plugin at C:/opscode/chef/embedded/lib/ruby/gems/2.1.0/gems/ohai-8.19.1/lib/ohai/plugins/python.rb
I, [2016-09-13T22:14:39.904441 #51985]  INFO -- default-windows-2008r2sp1: [2016-09-14T02:14:38+00:00] DEBUG: Loading plugin at C:/opscode/chef/embedded/lib/ruby/gems/2.1.0/gems/ohai-8.19.1/lib/ohai/plugins/rackspace.rb
I, [2016-09-13T22:14:39.904453 #51985]  INFO -- default-windows-2008r2sp1: [2016-09-14T02:14:38+00:00] DEBUG: Loading plugin at C:/opscode/chef/embedded/lib/ruby/gems/2.1.0/gems/ohai-8.19.1/lib/ohai/plugins/root_group.rb
I, [2016-09-13T22:14:39.904788 #51985]  INFO -- default-windows-2008r2sp1: [2016-09-14T02:14:38+00:00] DEBUG: Loading plugin at C:/opscode/chef/embedded/lib/ruby/gems/2.1.0/gems/ohai-8.19.1/lib/ohai/plugins/ruby.rb
I, [2016-09-13T22:14:39.904812 #51985]  INFO -- default-windows-2008r2sp1: [2016-09-14T02:14:38+00:00] DEBUG: Loading plugin at C:/opscode/chef/embedded/lib/ruby/gems/2.1.0/gems/ohai-8.19.1/lib/ohai/plugins/rust.rb
I, [2016-09-13T22:14:39.904834 #51985]  INFO -- default-windows-2008r2sp1: [2016-09-14T02:14:38+00:00] DEBUG: Loading plugin at C:/opscode/chef/embedded/lib/ruby/gems/2.1.0/gems/ohai-8.19.1/lib/ohai/plugins/scala.rb
I, [2016-09-13T22:14:39.904851 #51985]  INFO -- default-windows-2008r2sp1: [2016-09-14T02:14:38+00:00] DEBUG: Loading plugin at C:/opscode/chef/embedded/lib/ruby/gems/2.1.0/gems/ohai-8.19.1/lib/ohai/plugins/shells.rb
I, [2016-09-13T22:14:39.904863 #51985]  INFO -- default-windows-2008r2sp1: [2016-09-14T02:14:38+00:00] DEBUG: Loading plugin at C:/opscode/chef/embedded/lib/ruby/gems/2.1.0/gems/ohai-8.19.1/lib/ohai/plugins/sigar/cpu.rb
I, [2016-09-13T22:14:39.904875 #51985]  INFO -- default-windows-2008r2sp1: [2016-09-14T02:14:38+00:00] DEBUG: Loading plugin at C:/opscode/chef/embedded/lib/ruby/gems/2.1.0/gems/ohai-8.19.1/lib/ohai/plugins/sigar/filesystem.rb
I, [2016-09-13T22:14:39.904891 #51985]  INFO -- default-windows-2008r2sp1: [2016-09-14T02:14:38+00:00] DEBUG: Loading plugin at C:/opscode/chef/embedded/lib/ruby/gems/2.1.0/gems/ohai-8.19.1/lib/ohai/plugins/sigar/memory.rb
I, [2016-09-13T22:14:39.904902 #51985]  INFO -- default-windows-2008r2sp1: [2016-09-14T02:14:38+00:00] DEBUG: Loading plugin at C:/opscode/chef/embedded/lib/ruby/gems/2.1.0/gems/ohai-8.19.1/lib/ohai/plugins/sigar/network.rb
I, [2016-09-13T22:14:39.904913 #51985]  INFO -- default-windows-2008r2sp1: [2016-09-14T02:14:38+00:00] DEBUG: Loading plugin at C:/opscode/chef/embedded/lib/ruby/gems/2.1.0/gems/ohai-8.19.1/lib/ohai/plugins/sigar/network_route.rb
I, [2016-09-13T22:14:39.905071 #51985]  INFO -- default-windows-2008r2sp1: [2016-09-14T02:14:38+00:00] DEBUG: Could not load sigar gem. Skipping NetworkRoutes plugin
I, [2016-09-13T22:14:39.905108 #51985]  INFO -- default-windows-2008r2sp1: [2016-09-14T02:14:38+00:00] DEBUG: Loading plugin at C:/opscode/chef/embedded/lib/ruby/gems/2.1.0/gems/ohai-8.19.1/lib/ohai/plugins/sigar/platform.rb
I, [2016-09-13T22:14:39.905123 #51985]  INFO -- default-windows-2008r2sp1: [2016-09-14T02:14:38+00:00] DEBUG: Loading plugin at C:/opscode/chef/embedded/lib/ruby/gems/2.1.0/gems/ohai-8.19.1/lib/ohai/plugins/softlayer.rb
I, [2016-09-13T22:14:39.905146 #51985]  INFO -- default-windows-2008r2sp1: [2016-09-14T02:14:38+00:00] DEBUG: Loading plugin at C:/opscode/chef/embedded/lib/ruby/gems/2.1.0/gems/ohai-8.19.1/lib/ohai/plugins/solaris2/cpu.rb
I, [2016-09-13T22:14:39.905175 #51985]  INFO -- default-windows-2008r2sp1: [2016-09-14T02:14:38+00:00] DEBUG: Loading plugin at C:/opscode/chef/embedded/lib/ruby/gems/2.1.0/gems/ohai-8.19.1/lib/ohai/plugins/solaris2/dmi.rb
I, [2016-09-13T22:14:39.905189 #51985]  INFO -- default-windows-2008r2sp1: [2016-09-14T02:14:38+00:00] DEBUG: Loading plugin at C:/opscode/chef/embedded/lib/ruby/gems/2.1.0/gems/ohai-8.19.1/lib/ohai/plugins/solaris2/filesystem.rb
I, [2016-09-13T22:14:39.905203 #51985]  INFO -- default-windows-2008r2sp1: [2016-09-14T02:14:38+00:00] DEBUG: Loading plugin at C:/opscode/chef/embedded/lib/ruby/gems/2.1.0/gems/ohai-8.19.1/lib/ohai/plugins/solaris2/memory.rb
I, [2016-09-13T22:14:39.905217 #51985]  INFO -- default-windows-2008r2sp1: [2016-09-14T02:14:38+00:00] DEBUG: Loading plugin at C:/opscode/chef/embedded/lib/ruby/gems/2.1.0/gems/ohai-8.19.1/lib/ohai/plugins/solaris2/network.rb
I, [2016-09-13T22:14:39.905231 #51985]  INFO -- default-windows-2008r2sp1: [2016-09-14T02:14:38+00:00] DEBUG: Loading plugin at C:/opscode/chef/embedded/lib/ruby/gems/2.1.0/gems/ohai-8.19.1/lib/ohai/plugins/solaris2/platform.rb
I, [2016-09-13T22:14:39.905246 #51985]  INFO -- default-windows-2008r2sp1: [2016-09-14T02:14:38+00:00] DEBUG: Loading plugin at C:/opscode/chef/embedded/lib/ruby/gems/2.1.0/gems/ohai-8.19.1/lib/ohai/plugins/solaris2/virtualization.rb
I, [2016-09-13T22:14:39.905260 #51985]  INFO -- default-windows-2008r2sp1: [2016-09-14T02:14:38+00:00] DEBUG: Loading plugin at C:/opscode/chef/embedded/lib/ruby/gems/2.1.0/gems/ohai-8.19.1/lib/ohai/plugins/solaris2/zpools.rb
I, [2016-09-13T22:14:39.905449 #51985]  INFO -- default-windows-2008r2sp1: [2016-09-14T02:14:38+00:00] DEBUG: Loading plugin at C:/opscode/chef/embedded/lib/ruby/gems/2.1.0/gems/ohai-8.19.1/lib/ohai/plugins/ssh_host_key.rb
I, [2016-09-13T22:14:39.905487 #51985]  INFO -- default-windows-2008r2sp1: [2016-09-14T02:14:38+00:00] DEBUG: Loading plugin at C:/opscode/chef/embedded/lib/ruby/gems/2.1.0/gems/ohai-8.19.1/lib/ohai/plugins/timezone.rb
I, [2016-09-13T22:14:39.905519 #51985]  INFO -- default-windows-2008r2sp1: [2016-09-14T02:14:38+00:00] DEBUG: Loading plugin at C:/opscode/chef/embedded/lib/ruby/gems/2.1.0/gems/ohai-8.19.1/lib/ohai/plugins/uptime.rb
I, [2016-09-13T22:14:39.905542 #51985]  INFO -- default-windows-2008r2sp1: [2016-09-14T02:14:38+00:00] DEBUG: Loading plugin at C:/opscode/chef/embedded/lib/ruby/gems/2.1.0/gems/ohai-8.19.1/lib/ohai/plugins/virtualbox.rb
I, [2016-09-13T22:14:39.905567 #51985]  INFO -- default-windows-2008r2sp1: [2016-09-14T02:14:38+00:00] DEBUG: Loading plugin at C:/opscode/chef/embedded/lib/ruby/gems/2.1.0/gems/ohai-8.19.1/lib/ohai/plugins/virtualization.rb
I, [2016-09-13T22:14:39.905584 #51985]  INFO -- default-windows-2008r2sp1: [2016-09-14T02:14:38+00:00] DEBUG: Loading plugin at C:/opscode/chef/embedded/lib/ruby/gems/2.1.0/gems/ohai-8.19.1/lib/ohai/plugins/vmware.rb
I, [2016-09-13T22:14:39.905604 #51985]  INFO -- default-windows-2008r2sp1: [2016-09-14T02:14:38+00:00] DEBUG: Loading plugin at C:/opscode/chef/embedded/lib/ruby/gems/2.1.0/gems/ohai-8.19.1/lib/ohai/plugins/windows/cpu.rb
I, [2016-09-13T22:14:39.905739 #51985]  INFO -- default-windows-2008r2sp1: [2016-09-14T02:14:38+00:00] DEBUG: Loading plugin at C:/opscode/chef/embedded/lib/ruby/gems/2.1.0/gems/ohai-8.19.1/lib/ohai/plugins/windows/drivers.rb
I, [2016-09-13T22:14:39.905778 #51985]  INFO -- default-windows-2008r2sp1: [2016-09-14T02:14:38+00:00] DEBUG: Loading plugin at C:/opscode/chef/embedded/lib/ruby/gems/2.1.0/gems/ohai-8.19.1/lib/ohai/plugins/windows/filesystem.rb
I, [2016-09-13T22:14:39.905803 #51985]  INFO -- default-windows-2008r2sp1: [2016-09-14T02:14:38+00:00] DEBUG: Loading plugin at C:/opscode/chef/embedded/lib/ruby/gems/2.1.0/gems/ohai-8.19.1/lib/ohai/plugins/windows/fips.rb
I, [2016-09-13T22:14:39.905830 #51985]  INFO -- default-windows-2008r2sp1: [2016-09-14T02:14:38+00:00] DEBUG: Loading plugin at C:/opscode/chef/embedded/lib/ruby/gems/2.1.0/gems/ohai-8.19.1/lib/ohai/plugins/windows/memory.rb
I, [2016-09-13T22:14:39.905842 #51985]  INFO -- default-windows-2008r2sp1: [2016-09-14T02:14:38+00:00] DEBUG: Loading plugin at C:/opscode/chef/embedded/lib/ruby/gems/2.1.0/gems/ohai-8.19.1/lib/ohai/plugins/windows/network.rb
I, [2016-09-13T22:14:39.905859 #51985]  INFO -- default-windows-2008r2sp1: [2016-09-14T02:14:38+00:00] DEBUG: Loading plugin at C:/opscode/chef/embedded/lib/ruby/gems/2.1.0/gems/ohai-8.19.1/lib/ohai/plugins/windows/platform.rb
I, [2016-09-13T22:14:39.905874 #51985]  INFO -- default-windows-2008r2sp1: [2016-09-14T02:14:38+00:00] DEBUG: Loading plugin at C:/opscode/chef/embedded/lib/ruby/gems/2.1.0/gems/ohai-8.19.1/lib/ohai/plugins/windows/virtualization.rb
I, [2016-09-13T22:14:41.602299 #51985]  INFO -- default-windows-2008r2sp1: [2016-09-14T02:14:39+00:00] DEBUG: Plugin Network threw #<NoMethodError: unknown property or method: `properties_'
I, [2016-09-13T22:14:41.602370 #51985]  INFO -- default-windows-2008r2sp1:     HRESULT error code:0x80004005
I, [2016-09-13T22:14:41.602388 #51985]  INFO -- default-windows-2008r2sp1:       Unspecified error>
I, [2016-09-13T22:14:41.602554 #51985]  INFO -- default-windows-2008r2sp1: [2016-09-14T02:14:39+00:00] DEBUG: C:/opscode/chef/embedded/lib/ruby/gems/2.1.0/gems/wmi-lite-1.0.0/lib/wmi-lite/wmi_instance.rb:37:in `method_missing'
I, [2016-09-13T22:14:41.602573 #51985]  INFO -- default-windows-2008r2sp1: [2016-09-14T02:14:39+00:00] DEBUG: C:/opscode/chef/embedded/lib/ruby/gems/2.1.0/gems/wmi-lite-1.0.0/lib/wmi-lite/wmi_instance.rb:37:in `wmi_ole_object_to_hash'
I, [2016-09-13T22:14:41.602596 #51985]  INFO -- default-windows-2008r2sp1: [2016-09-14T02:14:39+00:00] DEBUG: C:/opscode/chef/embedded/lib/ruby/gems/2.1.0/gems/wmi-lite-1.0.0/lib/wmi-lite/wmi_instance.rb:26:in `initialize'
I, [2016-09-13T22:14:41.602620 #51985]  INFO -- default-windows-2008r2sp1: [2016-09-14T02:14:39+00:00] DEBUG: C:/opscode/chef/embedded/lib/ruby/gems/2.1.0/gems/wmi-lite-1.0.0/lib/wmi-lite/wmi.rb:94:in `new'
I, [2016-09-13T22:14:41.602654 #51985]  INFO -- default-windows-2008r2sp1: [2016-09-14T02:14:39+00:00] DEBUG: C:/opscode/chef/embedded/lib/ruby/gems/2.1.0/gems/wmi-lite-1.0.0/lib/wmi-lite/wmi.rb:94:in `wmi_result_to_snapshot'
I, [2016-09-13T22:14:41.602676 #51985]  INFO -- default-windows-2008r2sp1: [2016-09-14T02:14:39+00:00] DEBUG: C:/opscode/chef/embedded/lib/ruby/gems/2.1.0/gems/wmi-lite-1.0.0/lib/wmi-lite/wmi.rb:56:in `block in query_with_context'
I, [2016-09-13T22:14:41.602688 #51985]  INFO -- default-windows-2008r2sp1: [2016-09-14T02:14:39+00:00] DEBUG: C:/opscode/chef/embedded/lib/ruby/gems/2.1.0/gems/wmi-lite-1.0.0/lib/wmi-lite/wmi.rb:55:in `each'
I, [2016-09-13T22:14:41.602699 #51985]  INFO -- default-windows-2008r2sp1: [2016-09-14T02:14:39+00:00] DEBUG: C:/opscode/chef/embedded/lib/ruby/gems/2.1.0/gems/wmi-lite-1.0.0/lib/wmi-lite/wmi.rb:55:in `query_with_context'
I, [2016-09-13T22:14:41.602710 #51985]  INFO -- default-windows-2008r2sp1: [2016-09-14T02:14:39+00:00] DEBUG: C:/opscode/chef/embedded/lib/ruby/gems/2.1.0/gems/wmi-lite-1.0.0/lib/wmi-lite/wmi.rb:35:in `instances_of'
I, [2016-09-13T22:14:41.602722 #51985]  INFO -- default-windows-2008r2sp1: [2016-09-14T02:14:39+00:00] DEBUG: C:/opscode/chef/embedded/lib/ruby/gems/2.1.0/gems/ohai-8.19.1/lib/ohai/plugins/windows/network.rb:43:in `block (2 levels) in <main>'
I, [2016-09-13T22:14:41.602733 #51985]  INFO -- default-windows-2008r2sp1: [2016-09-14T02:14:39+00:00] DEBUG: C:/opscode/chef/embedded/lib/ruby/gems/2.1.0/gems/ohai-8.19.1/lib/ohai/dsl/plugin/versionvii.rb:88:in `instance_eval'
I, [2016-09-13T22:14:41.602760 #51985]  INFO -- default-windows-2008r2sp1: [2016-09-14T02:14:39+00:00] DEBUG: C:/opscode/chef/embedded/lib/ruby/gems/2.1.0/gems/ohai-8.19.1/lib/ohai/dsl/plugin/versionvii.rb:88:in `run_plugin'
I, [2016-09-13T22:14:41.602796 #51985]  INFO -- default-windows-2008r2sp1: [2016-09-14T02:14:39+00:00] DEBUG: C:/opscode/chef/embedded/lib/ruby/gems/2.1.0/gems/ohai-8.19.1/lib/ohai/dsl/plugin.rb:100:in `run'
I, [2016-09-13T22:14:41.602808 #51985]  INFO -- default-windows-2008r2sp1: [2016-09-14T02:14:39+00:00] DEBUG: C:/opscode/chef/embedded/lib/ruby/gems/2.1.0/gems/ohai-8.19.1/lib/ohai/dsl/plugin.rb:173:in `safe_run'
I, [2016-09-13T22:14:41.602820 #51985]  INFO -- default-windows-2008r2sp1: [2016-09-14T02:14:39+00:00] DEBUG: C:/opscode/chef/embedded/lib/ruby/gems/2.1.0/gems/ohai-8.19.1/lib/ohai/runner.rb:84:in `run_v7_plugin'
I, [2016-09-13T22:14:41.602831 #51985]  INFO -- default-windows-2008r2sp1: [2016-09-14T02:14:39+00:00] DEBUG: C:/opscode/chef/embedded/lib/ruby/gems/2.1.0/gems/ohai-8.19.1/lib/ohai/runner.rb:43:in `run_plugin'
I, [2016-09-13T22:14:41.602842 #51985]  INFO -- default-windows-2008r2sp1: [2016-09-14T02:14:39+00:00] DEBUG: C:/opscode/chef/embedded/lib/ruby/gems/2.1.0/gems/ohai-8.19.1/lib/ohai/system.rb:98:in `block in run_plugins'
I, [2016-09-13T22:14:41.602853 #51985]  INFO -- default-windows-2008r2sp1: [2016-09-14T02:14:39+00:00] DEBUG: C:/opscode/chef/embedded/lib/ruby/gems/2.1.0/gems/ohai-8.19.1/lib/ohai/system.rb:97:in `each'
I, [2016-09-13T22:14:41.602864 #51985]  INFO -- default-windows-2008r2sp1: [2016-09-14T02:14:39+00:00] DEBUG: C:/opscode/chef/embedded/lib/ruby/gems/2.1.0/gems/ohai-8.19.1/lib/ohai/system.rb:97:in `run_plugins'
I, [2016-09-13T22:14:41.602875 #51985]  INFO -- default-windows-2008r2sp1: [2016-09-14T02:14:39+00:00] DEBUG: C:/opscode/chef/embedded/lib/ruby/gems/2.1.0/gems/ohai-8.19.1/lib/ohai/system.rb:75:in `all_plugins'
I, [2016-09-13T22:14:41.602886 #51985]  INFO -- default-windows-2008r2sp1: [2016-09-14T02:14:39+00:00] DEBUG: C:/opscode/chef/embedded/lib/ruby/gems/2.1.0/gems/chef-12.13.37-universal-mingw32/lib/chef/client.rb:560:in `run_ohai'
I, [2016-09-13T22:14:41.602897 #51985]  INFO -- default-windows-2008r2sp1: [2016-09-14T02:14:39+00:00] DEBUG: C:/opscode/chef/embedded/lib/ruby/gems/2.1.0/gems/chef-12.13.37-universal-mingw32/lib/chef/client.rb:264:in `run'
I, [2016-09-13T22:14:41.602935 #51985]  INFO -- default-windows-2008r2sp1: [2016-09-14T02:14:39+00:00] DEBUG: C:/opscode/chef/embedded/lib/ruby/gems/2.1.0/gems/chef-12.13.37-universal-mingw32/lib/chef/application.rb:284:in `run_with_graceful_exit_option'
I, [2016-09-13T22:14:41.602947 #51985]  INFO -- default-windows-2008r2sp1: [2016-09-14T02:14:39+00:00] DEBUG: C:/opscode/chef/embedded/lib/ruby/gems/2.1.0/gems/chef-12.13.37-universal-mingw32/lib/chef/application.rb:260:in `block in run_chef_client'
I, [2016-09-13T22:14:41.602959 #51985]  INFO -- default-windows-2008r2sp1: [2016-09-14T02:14:39+00:00] DEBUG: C:/opscode/chef/embedded/lib/ruby/gems/2.1.0/gems/chef-12.13.37-universal-mingw32/lib/chef/local_mode.rb:44:in `with_server_connectivity'
I, [2016-09-13T22:14:41.602970 #51985]  INFO -- default-windows-2008r2sp1: [2016-09-14T02:14:39+00:00] DEBUG: C:/opscode/chef/embedded/lib/ruby/gems/2.1.0/gems/chef-12.13.37-universal-mingw32/lib/chef/application.rb:243:in `run_chef_client'
I, [2016-09-13T22:14:41.602981 #51985]  INFO -- default-windows-2008r2sp1: [2016-09-14T02:14:39+00:00] DEBUG: C:/opscode/chef/embedded/lib/ruby/gems/2.1.0/gems/chef-12.13.37-universal-mingw32/lib/chef/application/client.rb:464:in `sleep_then_run_chef_client'
I, [2016-09-13T22:14:41.602991 #51985]  INFO -- default-windows-2008r2sp1: [2016-09-14T02:14:39+00:00] DEBUG: C:/opscode/chef/embedded/lib/ruby/gems/2.1.0/gems/chef-12.13.37-universal-mingw32/lib/chef/application/client.rb:451:in `block in interval_run_chef_client'
I, [2016-09-13T22:14:41.603353 #51985]  INFO -- default-windows-2008r2sp1: [2016-09-14T02:14:39+00:00] DEBUG: C:/opscode/chef/embedded/lib/ruby/gems/2.1.0/gems/chef-12.13.37-universal-mingw32/lib/chef/application/client.rb:450:in `loop'
I, [2016-09-13T22:14:41.603381 #51985]  INFO -- default-windows-2008r2sp1: [2016-09-14T02:14:39+00:00] DEBUG: C:/opscode/chef/embedded/lib/ruby/gems/2.1.0/gems/chef-12.13.37-universal-mingw32/lib/chef/application/client.rb:450:in `interval_run_chef_client'
I, [2016-09-13T22:14:41.603406 #51985]  INFO -- default-windows-2008r2sp1: [2016-09-14T02:14:39+00:00] DEBUG: C:/opscode/chef/embedded/lib/ruby/gems/2.1.0/gems/chef-12.13.37-universal-mingw32/lib/chef/application/client.rb:434:in `run_application'
I, [2016-09-13T22:14:41.603419 #51985]  INFO -- default-windows-2008r2sp1: [2016-09-14T02:14:39+00:00] DEBUG: C:/opscode/chef/embedded/lib/ruby/gems/2.1.0/gems/chef-12.13.37-universal-mingw32/lib/chef/application.rb:60:in `run'
I, [2016-09-13T22:14:41.603440 #51985]  INFO -- default-windows-2008r2sp1: [2016-09-14T02:14:39+00:00] DEBUG: C:/opscode/chef/embedded/lib/ruby/gems/2.1.0/gems/chef-12.13.37-universal-mingw32/bin/chef-client:26:in `<top (required)>'
I, [2016-09-13T22:14:41.603464 #51985]  INFO -- default-windows-2008r2sp1: [2016-09-14T02:14:39+00:00] DEBUG: C:/opscode/chef/bin/chef-client:64:in `load'
I, [2016-09-13T22:14:41.603475 #51985]  INFO -- default-windows-2008r2sp1: [2016-09-14T02:14:39+00:00] DEBUG: C:/opscode/chef/bin/chef-client:64:in `<main>'
I, [2016-09-13T22:14:41.603490 #51985]  INFO -- default-windows-2008r2sp1: [2016-09-14T02:14:39+00:00] DEBUG: Could not load sigar gem. Skipping NetworkListeners plugin
I, [2016-09-13T22:14:41.603525 #51985]  INFO -- default-windows-2008r2sp1: [2016-09-14T02:14:39+00:00] WARN: unable to detect ipaddress
I, [2016-09-13T22:14:41.603537 #51985]  INFO -- default-windows-2008r2sp1: [2016-09-14T02:14:39+00:00] DEBUG: unable to detect macaddress for family 'inet'
I, [2016-09-13T22:14:41.603548 #51985]  INFO -- default-windows-2008r2sp1: [2016-09-14T02:14:39+00:00] DEBUG: unable to detect ip6address
I, [2016-09-13T22:14:41.603559 #51985]  INFO -- default-windows-2008r2sp1: [2016-09-14T02:14:39+00:00] DEBUG: unable to detect macaddress for family 'inet6'
I, [2016-09-13T22:14:41.603570 #51985]  INFO -- default-windows-2008r2sp1: [2016-09-14T02:14:39+00:00] DEBUG: Plugin LSB: No data to collect. Skipping...
I, [2016-09-13T22:14:41.603583 #51985]  INFO -- default-windows-2008r2sp1: [2016-09-14T02:14:39+00:00] DEBUG: Plugin Uptime threw exception #<WmiLite::WmiException: An error occurred connecting to the WMI service for namespace 'root/cimv2'. The namespace may not be valid, access may not be allowed to the WMI service, or the WMI service may not be available.
I, [2016-09-13T22:14:41.603595 #51985]  INFO -- default-windows-2008r2sp1: (in OLE method `ConnectServer': )
I, [2016-09-13T22:14:41.603605 #51985]  INFO -- default-windows-2008r2sp1:     OLE error code:80041001 in SWbemLocator
I, [2016-09-13T22:14:41.603615 #51985]  INFO -- default-windows-2008r2sp1:       <No Description>
I, [2016-09-13T22:14:41.603627 #51985]  INFO -- default-windows-2008r2sp1:     HRESULT error code:0x80020009
I, [2016-09-13T22:14:41.603638 #51985]  INFO -- default-windows-2008r2sp1:       Exception occurred.> C:/opscode/chef/embedded/lib/ruby/gems/2.1.0/gems/wmi-lite-1.0.0/lib/wmi-lite/wmi.rb:88:in `rescue in connect_to_namespace'
I, [2016-09-13T22:14:41.603649 #51985]  INFO -- default-windows-2008r2sp1: C:/opscode/chef/embedded/lib/ruby/gems/2.1.0/gems/wmi-lite-1.0.0/lib/wmi-lite/wmi.rb:85:in `connect_to_namespace'
I, [2016-09-13T22:14:41.603662 #51985]  INFO -- default-windows-2008r2sp1: C:/opscode/chef/embedded/lib/ruby/gems/2.1.0/gems/wmi-lite-1.0.0/lib/wmi-lite/wmi.rb:64:in `start_query'
I, [2016-09-13T22:14:41.603693 #51985]  INFO -- default-windows-2008r2sp1: C:/opscode/chef/embedded/lib/ruby/gems/2.1.0/gems/wmi-lite-1.0.0/lib/wmi-lite/wmi.rb:39:in `first_of'
I, [2016-09-13T22:14:41.603705 #51985]  INFO -- default-windows-2008r2sp1: C:/opscode/chef/embedded/lib/ruby/gems/2.1.0/gems/ohai-8.19.1/lib/ohai/plugins/uptime.rb:99:in `block (2 levels) in <main>'
I, [2016-09-13T22:14:41.604108 #51985]  INFO -- default-windows-2008r2sp1: C:/opscode/chef/embedded/lib/ruby/gems/2.1.0/gems/ohai-8.19.1/lib/ohai/dsl/plugin/versionvii.rb:88:in `instance_eval'
I, [2016-09-13T22:14:41.604130 #51985]  INFO -- default-windows-2008r2sp1: C:/opscode/chef/embedded/lib/ruby/gems/2.1.0/gems/ohai-8.19.1/lib/ohai/dsl/plugin/versionvii.rb:88:in `run_plugin'
I, [2016-09-13T22:14:41.604143 #51985]  INFO -- default-windows-2008r2sp1: C:/opscode/chef/embedded/lib/ruby/gems/2.1.0/gems/ohai-8.19.1/lib/ohai/dsl/plugin.rb:100:in `run'
I, [2016-09-13T22:14:41.604159 #51985]  INFO -- default-windows-2008r2sp1: C:/opscode/chef/embedded/lib/ruby/gems/2.1.0/gems/ohai-8.19.1/lib/ohai/dsl/plugin.rb:173:in `safe_run'
I, [2016-09-13T22:14:41.604173 #51985]  INFO -- default-windows-2008r2sp1: C:/opscode/chef/embedded/lib/ruby/gems/2.1.0/gems/ohai-8.19.1/lib/ohai/runner.rb:84:in `run_v7_plugin'
I, [2016-09-13T22:14:41.604185 #51985]  INFO -- default-windows-2008r2sp1: C:/opscode/chef/embedded/lib/ruby/gems/2.1.0/gems/ohai-8.19.1/lib/ohai/runner.rb:43:in `run_plugin'
I, [2016-09-13T22:14:41.604199 #51985]  INFO -- default-windows-2008r2sp1: C:/opscode/chef/embedded/lib/ruby/gems/2.1.0/gems/ohai-8.19.1/lib/ohai/system.rb:98:in `block in run_plugins'
I, [2016-09-13T22:14:41.604212 #51985]  INFO -- default-windows-2008r2sp1: C:/opscode/chef/embedded/lib/ruby/gems/2.1.0/gems/ohai-8.19.1/lib/ohai/system.rb:97:in `each'
I, [2016-09-13T22:14:41.604224 #51985]  INFO -- default-windows-2008r2sp1: C:/opscode/chef/embedded/lib/ruby/gems/2.1.0/gems/ohai-8.19.1/lib/ohai/system.rb:97:in `run_plugins'
I, [2016-09-13T22:14:41.604238 #51985]  INFO -- default-windows-2008r2sp1: C:/opscode/chef/embedded/lib/ruby/gems/2.1.0/gems/ohai-8.19.1/lib/ohai/system.rb:75:in `all_plugins'
I, [2016-09-13T22:14:41.604250 #51985]  INFO -- default-windows-2008r2sp1: C:/opscode/chef/embedded/lib/ruby/gems/2.1.0/gems/chef-12.13.37-universal-mingw32/lib/chef/client.rb:560:in `run_ohai'
I, [2016-09-13T22:14:41.604263 #51985]  INFO -- default-windows-2008r2sp1: C:/opscode/chef/embedded/lib/ruby/gems/2.1.0/gems/chef-12.13.37-universal-mingw32/lib/chef/client.rb:264:in `run'
I, [2016-09-13T22:14:41.604304 #51985]  INFO -- default-windows-2008r2sp1: C:/opscode/chef/embedded/lib/ruby/gems/2.1.0/gems/chef-12.13.37-universal-mingw32/lib/chef/application.rb:284:in `run_with_graceful_exit_option'
I, [2016-09-13T22:14:41.604318 #51985]  INFO -- default-windows-2008r2sp1: C:/opscode/chef/embedded/lib/ruby/gems/2.1.0/gems/chef-12.13.37-universal-mingw32/lib/chef/application.rb:260:in `block in run_chef_client'
I, [2016-09-13T22:14:41.604329 #51985]  INFO -- default-windows-2008r2sp1: C:/opscode/chef/embedded/lib/ruby/gems/2.1.0/gems/chef-12.13.37-universal-mingw32/lib/chef/local_mode.rb:44:in `with_server_connectivity'
I, [2016-09-13T22:14:41.604342 #51985]  INFO -- default-windows-2008r2sp1: C:/opscode/chef/embedded/lib/ruby/gems/2.1.0/gems/chef-12.13.37-universal-mingw32/lib/chef/application.rb:243:in `run_chef_client'
I, [2016-09-13T22:14:41.604355 #51985]  INFO -- default-windows-2008r2sp1: C:/opscode/chef/embedded/lib/ruby/gems/2.1.0/gems/chef-12.13.37-universal-mingw32/lib/chef/application/client.rb:464:in `sleep_then_run_chef_client'
I, [2016-09-13T22:14:41.604367 #51985]  INFO -- default-windows-2008r2sp1: C:/opscode/chef/embedded/lib/ruby/gems/2.1.0/gems/chef-12.13.37-universal-mingw32/lib/chef/application/client.rb:451:in `block in interval_run_chef_client'
I, [2016-09-13T22:14:41.604378 #51985]  INFO -- default-windows-2008r2sp1: C:/opscode/chef/embedded/lib/ruby/gems/2.1.0/gems/chef-12.13.37-universal-mingw32/lib/chef/application/client.rb:450:in `loop'
I, [2016-09-13T22:14:41.604391 #51985]  INFO -- default-windows-2008r2sp1: C:/opscode/chef/embedded/lib/ruby/gems/2.1.0/gems/chef-12.13.37-universal-mingw32/lib/chef/application/client.rb:450:in `interval_run_chef_client'
I, [2016-09-13T22:14:41.604402 #51985]  INFO -- default-windows-2008r2sp1: C:/opscode/chef/embedded/lib/ruby/gems/2.1.0/gems/chef-12.13.37-universal-mingw32/lib/chef/application/client.rb:434:in `run_application'
I, [2016-09-13T22:14:41.604419 #51985]  INFO -- default-windows-2008r2sp1: C:/opscode/chef/embedded/lib/ruby/gems/2.1.0/gems/chef-12.13.37-universal-mingw32/lib/chef/application.rb:60:in `run'
I, [2016-09-13T22:14:41.604434 #51985]  INFO -- default-windows-2008r2sp1: C:/opscode/chef/embedded/lib/ruby/gems/2.1.0/gems/chef-12.13.37-universal-mingw32/bin/chef-client:26:in `<top (required)>'
I, [2016-09-13T22:14:41.604445 #51985]  INFO -- default-windows-2008r2sp1: C:/opscode/chef/bin/chef-client:64:in `load'
I, [2016-09-13T22:14:41.604456 #51985]  INFO -- default-windows-2008r2sp1: C:/opscode/chef/bin/chef-client:64:in `<main>'
I, [2016-09-13T22:14:41.604791 #51985]  INFO -- default-windows-2008r2sp1: [2016-09-14T02:14:39+00:00] DEBUG: Did not find hint azure.json in the hint path(s): C:\chef\ohai\hints 
I, [2016-09-13T22:14:41.604809 #51985]  INFO -- default-windows-2008r2sp1: [2016-09-14T02:14:39+00:00] DEBUG: azure plugin: No hints present for azure and doesn't appear to be azure.
I, [2016-09-13T22:14:41.604894 #51985]  INFO -- default-windows-2008r2sp1: [2016-09-14T02:14:39+00:00] DEBUG: Plugin C: ran 'gcc -v' and returned -1073741801
I, [2016-09-13T22:14:41.604921 #51985]  INFO -- default-windows-2008r2sp1: [2016-09-14T02:14:39+00:00] DEBUG: Plugin C 'gcc -v' failed. Skipping data.
I, [2016-09-13T22:14:41.605035 #51985]  INFO -- default-windows-2008r2sp1: [2016-09-14T02:14:40+00:00] DEBUG: Plugin C: ran 'cl /?' and returned -1073741801
I, [2016-09-13T22:14:41.605053 #51985]  INFO -- default-windows-2008r2sp1: [2016-09-14T02:14:40+00:00] DEBUG: Plugin C 'cl /?' failed. Skipping data.
I, [2016-09-13T22:14:41.605127 #51985]  INFO -- default-windows-2008r2sp1: [2016-09-14T02:14:40+00:00] DEBUG: Plugin C: ran 'devenv.com /?' and returned -1073741801
I, [2016-09-13T22:14:41.605152 #51985]  INFO -- default-windows-2008r2sp1: [2016-09-14T02:14:40+00:00] DEBUG: Plugin C 'devenv.com /?' failed. Skipping data.
I, [2016-09-13T22:14:41.605216 #51985]  INFO -- default-windows-2008r2sp1: [2016-09-14T02:14:40+00:00] DEBUG: Plugin C: ran 'xlc -qversion' and returned -1073741801
I, [2016-09-13T22:14:41.605261 #51985]  INFO -- default-windows-2008r2sp1: [2016-09-14T02:14:40+00:00] DEBUG: Plugin C: ran 'cc -V -flags' and returned -1073741801
I, [2016-09-13T22:14:41.605321 #51985]  INFO -- default-windows-2008r2sp1: [2016-09-14T02:14:40+00:00] DEBUG: Plugin C 'cc -V -flags' failed. Skipping data.
I, [2016-09-13T22:14:41.605375 #51985]  INFO -- default-windows-2008r2sp1: [2016-09-14T02:14:40+00:00] DEBUG: Plugin C: ran 'what /opt/ansic/bin/cc' and returned -1073741801
I, [2016-09-13T22:14:41.605392 #51985]  INFO -- default-windows-2008r2sp1: [2016-09-14T02:14:40+00:00] DEBUG: Plugin C 'what /opt/ansic/bin/cc' failed. Skipping data.
I, [2016-09-13T22:14:41.605452 #51985]  INFO -- default-windows-2008r2sp1: [2016-09-14T02:14:40+00:00] DEBUG: Plugin Elixir: ran 'elixir -v' and returned -1073741801
I, [2016-09-13T22:14:41.605509 #51985]  INFO -- default-windows-2008r2sp1: [2016-09-14T02:14:40+00:00] DEBUG: Plugin Erlang: ran 'erl -eval 'erlang:display(erlang:system_info(otp_release)), erlang:display(erlang:system_info(version)), erlang:display(erlang:system_info(nif_version)), halt().'  -noshell' and returned -1073741801
I, [2016-09-13T22:14:41.605582 #51985]  INFO -- default-windows-2008r2sp1: [2016-09-14T02:14:40+00:00] DEBUG: Plugin Erlang: ran 'erl +V' and returned -1073741801
I, [2016-09-13T22:14:41.605636 #51985]  INFO -- default-windows-2008r2sp1: [2016-09-14T02:14:40+00:00] DEBUG: Plugin Go: ran 'go version' and returned -1073741801
I, [2016-09-13T22:14:41.605681 #51985]  INFO -- default-windows-2008r2sp1: [2016-09-14T02:14:40+00:00] DEBUG: Plugin Groovy: ran 'groovy -v' and returned -1073741801
I, [2016-09-13T22:14:41.605752 #51985]  INFO -- default-windows-2008r2sp1: [2016-09-14T02:14:40+00:00] DEBUG: Plugin Java: ran 'java -mx64m -version' and returned -1073741801
I, [2016-09-13T22:14:41.605808 #51985]  INFO -- default-windows-2008r2sp1: [2016-09-14T02:14:40+00:00] DEBUG: Plugin Lua: ran 'lua -v' and returned -1073741801
I, [2016-09-13T22:14:41.605860 #51985]  INFO -- default-windows-2008r2sp1: [2016-09-14T02:14:40+00:00] DEBUG: Plugin Mono: ran 'mono -V' and returned -1073741801
I, [2016-09-13T22:14:41.605904 #51985]  INFO -- default-windows-2008r2sp1: [2016-09-14T02:14:40+00:00] DEBUG: Plugin Nodejs: ran 'node -v' and returned -1073741801
I, [2016-09-13T22:14:41.605988 #51985]  INFO -- default-windows-2008r2sp1: [2016-09-14T02:14:40+00:00] DEBUG: Plugin Perl: ran 'perl -V:version -V:archname' and returned -1073741801
I, [2016-09-13T22:14:41.606042 #51985]  INFO -- default-windows-2008r2sp1: [2016-09-14T02:14:40+00:00] DEBUG: Plugin PHP: ran 'php -v' and returned -1073741801
I, [2016-09-13T22:14:41.606090 #51985]  INFO -- default-windows-2008r2sp1: [2016-09-14T02:14:40+00:00] DEBUG: Plugin Powershell: ran 'powershell.exe -NoLogo -NonInteractive -NoProfile -command $PSVersionTable' and returned -1073741801
I, [2016-09-13T22:14:41.606134 #51985]  INFO -- default-windows-2008r2sp1: [2016-09-14T02:14:40+00:00] DEBUG: Plugin Python: ran 'python -c "import sys; print (sys.version)"' and returned -1073741801
I, [2016-09-13T22:14:41.606216 #51985]  INFO -- default-windows-2008r2sp1: [2016-09-14T02:14:40+00:00] DEBUG: Plugin Ruby: ran 'ruby -e "require 'rbconfig'; puts %Q(platform=#{RUBY_PLATFORM},version=#{RUBY_VERSION},release_date=#{RUBY_RELEASE_DATE},target=#{RbConfig::CONFIG['target']},target_cpu=#{RbConfig::CONFIG['target_cpu']},target_vendor=#{RbConfig::CONFIG['target_vendor']},target_os=#{RbConfig::CONFIG['target_os']},host=#{RbConfig::CONFIG['host']},host_cpu=#{RbConfig::CONFIG['host_cpu']},host_os=#{RbConfig::CONFIG['host_os']},host_vendor=#{RbConfig::CONFIG['host_vendor']},bin_dir=#{RbConfig::CONFIG['bindir']},ruby_bin=#{::File.join(RbConfig::CONFIG['bindir'], RbConfig::CONFIG['ruby_install_name'])},)"' and returned -1073741571
I, [2016-09-13T22:14:41.606419 #51985]  INFO -- default-windows-2008r2sp1: [2016-09-14T02:14:40+00:00] DEBUG: Plugin Ruby: ran 'ruby -e "require 'rbconfig'; require 'rubygems'; puts ::Gem.default_exec_format % 'gem'"' and returned -1073741571
I, [2016-09-13T22:14:41.606448 #51985]  INFO -- default-windows-2008r2sp1: [2016-09-14T02:14:40+00:00] DEBUG: Plugin Ruby threw #<TypeError: no implicit conversion of nil into String>
I, [2016-09-13T22:14:41.606466 #51985]  INFO -- default-windows-2008r2sp1: [2016-09-14T02:14:40+00:00] DEBUG: C:/opscode/chef/embedded/lib/ruby/gems/2.1.0/gems/ohai-8.19.1/lib/ohai/plugins/ruby.rb:69:in `join'
I, [2016-09-13T22:14:41.606482 #51985]  INFO -- default-windows-2008r2sp1: [2016-09-14T02:14:40+00:00] DEBUG: C:/opscode/chef/embedded/lib/ruby/gems/2.1.0/gems/ohai-8.19.1/lib/ohai/plugins/ruby.rb:69:in `block (3 levels) in <main>'
I, [2016-09-13T22:14:41.606497 #51985]  INFO -- default-windows-2008r2sp1: [2016-09-14T02:14:40+00:00] DEBUG: C:/opscode/chef/embedded/lib/ruby/gems/2.1.0/gems/ohai-8.19.1/lib/ohai/plugins/ruby.rb:69:in `map'
I, [2016-09-13T22:14:41.606514 #51985]  INFO -- default-windows-2008r2sp1: [2016-09-14T02:14:40+00:00] DEBUG: C:/opscode/chef/embedded/lib/ruby/gems/2.1.0/gems/ohai-8.19.1/lib/ohai/plugins/ruby.rb:69:in `block (2 levels) in <main>'
I, [2016-09-13T22:14:41.606552 #51985]  INFO -- default-windows-2008r2sp1: [2016-09-14T02:14:40+00:00] DEBUG: C:/opscode/chef/embedded/lib/ruby/gems/2.1.0/gems/ohai-8.19.1/lib/ohai/dsl/plugin/versionvii.rb:90:in `instance_eval'
I, [2016-09-13T22:14:41.606565 #51985]  INFO -- default-windows-2008r2sp1: [2016-09-14T02:14:40+00:00] DEBUG: C:/opscode/chef/embedded/lib/ruby/gems/2.1.0/gems/ohai-8.19.1/lib/ohai/dsl/plugin/versionvii.rb:90:in `run_plugin'
I, [2016-09-13T22:14:41.606579 #51985]  INFO -- default-windows-2008r2sp1: [2016-09-14T02:14:40+00:00] DEBUG: C:/opscode/chef/embedded/lib/ruby/gems/2.1.0/gems/ohai-8.19.1/lib/ohai/dsl/plugin.rb:100:in `run'
I, [2016-09-13T22:14:41.606594 #51985]  INFO -- default-windows-2008r2sp1: [2016-09-14T02:14:40+00:00] DEBUG: C:/opscode/chef/embedded/lib/ruby/gems/2.1.0/gems/ohai-8.19.1/lib/ohai/dsl/plugin.rb:173:in `safe_run'
I, [2016-09-13T22:14:41.606618 #51985]  INFO -- default-windows-2008r2sp1: [2016-09-14T02:14:40+00:00] DEBUG: C:/opscode/chef/embedded/lib/ruby/gems/2.1.0/gems/ohai-8.19.1/lib/ohai/runner.rb:84:in `run_v7_plugin'
I, [2016-09-13T22:14:41.606635 #51985]  INFO -- default-windows-2008r2sp1: [2016-09-14T02:14:40+00:00] DEBUG: C:/opscode/chef/embedded/lib/ruby/gems/2.1.0/gems/ohai-8.19.1/lib/ohai/runner.rb:43:in `run_plugin'
I, [2016-09-13T22:14:41.606647 #51985]  INFO -- default-windows-2008r2sp1: [2016-09-14T02:14:40+00:00] DEBUG: C:/opscode/chef/embedded/lib/ruby/gems/2.1.0/gems/ohai-8.19.1/lib/ohai/system.rb:98:in `block in run_plugins'
I, [2016-09-13T22:14:41.606661 #51985]  INFO -- default-windows-2008r2sp1: [2016-09-14T02:14:40+00:00] DEBUG: C:/opscode/chef/embedded/lib/ruby/gems/2.1.0/gems/ohai-8.19.1/lib/ohai/system.rb:97:in `each'
I, [2016-09-13T22:14:41.606675 #51985]  INFO -- default-windows-2008r2sp1: [2016-09-14T02:14:40+00:00] DEBUG: C:/opscode/chef/embedded/lib/ruby/gems/2.1.0/gems/ohai-8.19.1/lib/ohai/system.rb:97:in `run_plugins'
I, [2016-09-13T22:14:41.606718 #51985]  INFO -- default-windows-2008r2sp1: [2016-09-14T02:14:40+00:00] DEBUG: C:/opscode/chef/embedded/lib/ruby/gems/2.1.0/gems/ohai-8.19.1/lib/ohai/system.rb:75:in `all_plugins'
I, [2016-09-13T22:14:41.606733 #51985]  INFO -- default-windows-2008r2sp1: [2016-09-14T02:14:40+00:00] DEBUG: C:/opscode/chef/embedded/lib/ruby/gems/2.1.0/gems/chef-12.13.37-universal-mingw32/lib/chef/client.rb:560:in `run_ohai'
I, [2016-09-13T22:14:41.606745 #51985]  INFO -- default-windows-2008r2sp1: [2016-09-14T02:14:40+00:00] DEBUG: C:/opscode/chef/embedded/lib/ruby/gems/2.1.0/gems/chef-12.13.37-universal-mingw32/lib/chef/client.rb:264:in `run'
I, [2016-09-13T22:14:41.606759 #51985]  INFO -- default-windows-2008r2sp1: [2016-09-14T02:14:40+00:00] DEBUG: C:/opscode/chef/embedded/lib/ruby/gems/2.1.0/gems/chef-12.13.37-universal-mingw32/lib/chef/application.rb:284:in `run_with_graceful_exit_option'
I, [2016-09-13T22:14:41.606771 #51985]  INFO -- default-windows-2008r2sp1: [2016-09-14T02:14:40+00:00] DEBUG: C:/opscode/chef/embedded/lib/ruby/gems/2.1.0/gems/chef-12.13.37-universal-mingw32/lib/chef/application.rb:260:in `block in run_chef_client'
I, [2016-09-13T22:14:41.606786 #51985]  INFO -- default-windows-2008r2sp1: [2016-09-14T02:14:40+00:00] DEBUG: C:/opscode/chef/embedded/lib/ruby/gems/2.1.0/gems/chef-12.13.37-universal-mingw32/lib/chef/local_mode.rb:44:in `with_server_connectivity'
I, [2016-09-13T22:14:41.606798 #51985]  INFO -- default-windows-2008r2sp1: [2016-09-14T02:14:40+00:00] DEBUG: C:/opscode/chef/embedded/lib/ruby/gems/2.1.0/gems/chef-12.13.37-universal-mingw32/lib/chef/application.rb:243:in `run_chef_client'
I, [2016-09-13T22:14:41.606810 #51985]  INFO -- default-windows-2008r2sp1: [2016-09-14T02:14:40+00:00] DEBUG: C:/opscode/chef/embedded/lib/ruby/gems/2.1.0/gems/chef-12.13.37-universal-mingw32/lib/chef/application/client.rb:464:in `sleep_then_run_chef_client'
I, [2016-09-13T22:14:41.606823 #51985]  INFO -- default-windows-2008r2sp1: [2016-09-14T02:14:40+00:00] DEBUG: C:/opscode/chef/embedded/lib/ruby/gems/2.1.0/gems/chef-12.13.37-universal-mingw32/lib/chef/application/client.rb:451:in `block in interval_run_chef_client'
I, [2016-09-13T22:14:41.606864 #51985]  INFO -- default-windows-2008r2sp1: [2016-09-14T02:14:40+00:00] DEBUG: C:/opscode/chef/embedded/lib/ruby/gems/2.1.0/gems/chef-12.13.37-universal-mingw32/lib/chef/application/client.rb:450:in `loop'
I, [2016-09-13T22:14:41.606876 #51985]  INFO -- default-windows-2008r2sp1: [2016-09-14T02:14:40+00:00] DEBUG: C:/opscode/chef/embedded/lib/ruby/gems/2.1.0/gems/chef-12.13.37-universal-mingw32/lib/chef/application/client.rb:450:in `interval_run_chef_client'
I, [2016-09-13T22:14:41.606890 #51985]  INFO -- default-windows-2008r2sp1: [2016-09-14T02:14:40+00:00] DEBUG: C:/opscode/chef/embedded/lib/ruby/gems/2.1.0/gems/chef-12.13.37-universal-mingw32/lib/chef/application/client.rb:434:in `run_application'
I, [2016-09-13T22:14:41.607235 #51985]  INFO -- default-windows-2008r2sp1: [2016-09-14T02:14:40+00:00] DEBUG: C:/opscode/chef/embedded/lib/ruby/gems/2.1.0/gems/chef-12.13.37-universal-mingw32/lib/chef/application.rb:60:in `run'
I, [2016-09-13T22:14:41.607261 #51985]  INFO -- default-windows-2008r2sp1: [2016-09-14T02:14:40+00:00] DEBUG: C:/opscode/chef/embedded/lib/ruby/gems/2.1.0/gems/chef-12.13.37-universal-mingw32/bin/chef-client:26:in `<top (required)>'
I, [2016-09-13T22:14:41.607276 #51985]  INFO -- default-windows-2008r2sp1: [2016-09-14T02:14:40+00:00] DEBUG: C:/opscode/chef/bin/chef-client:64:in `load'
I, [2016-09-13T22:14:41.607289 #51985]  INFO -- default-windows-2008r2sp1: [2016-09-14T02:14:40+00:00] DEBUG: C:/opscode/chef/bin/chef-client:64:in `<main>'
I, [2016-09-13T22:14:41.607390 #51985]  INFO -- default-windows-2008r2sp1: [2016-09-14T02:14:40+00:00] DEBUG: Plugin Rust: ran 'rustc --version' and returned -1073741801
I, [2016-09-13T22:14:41.607438 #51985]  INFO -- default-windows-2008r2sp1: [2016-09-14T02:14:40+00:00] DEBUG: Plugin Scala: ran 'scala -version' and returned -1073741801
I, [2016-09-13T22:14:41.607485 #51985]  INFO -- default-windows-2008r2sp1: [2016-09-14T02:14:40+00:00] DEBUG: Plugin Scala: ran 'sbt --version' and returned -1073741801
I, [2016-09-13T22:14:41.607531 #51985]  INFO -- default-windows-2008r2sp1: [2016-09-14T02:14:40+00:00] DEBUG: Plugin DMI: ran 'dmidecode' and returned -1073741801
I, [2016-09-13T22:14:41.607547 #51985]  INFO -- default-windows-2008r2sp1: [2016-09-14T02:14:40+00:00] DEBUG: Found hint ec2.json at C:\chef\ohai\hints/ec2.json
I, [2016-09-13T22:14:41.607562 #51985]  INFO -- default-windows-2008r2sp1: [2016-09-14T02:14:40+00:00] DEBUG: Plugin EC2: looks_like_ec2? == true
I, [2016-09-13T22:14:41.607660 #51985]  INFO -- default-windows-2008r2sp1: [2016-09-14T02:14:40+00:00] DEBUG: ec2 metadata mixin: EC2 shows unsupported metadata version: 2016-06-30
I, [2016-09-13T22:14:41.607676 #51985]  INFO -- default-windows-2008r2sp1: [2016-09-14T02:14:40+00:00] DEBUG: ec2 metadata mixin: EC2 shows unsupported metadata version: 2016-04-19
I, [2016-09-13T22:14:41.607689 #51985]  INFO -- default-windows-2008r2sp1: [2016-09-14T02:14:40+00:00] DEBUG: ec2 metadata mixin: EC2 shows unsupported metadata version: 2015-10-20
I, [2016-09-13T22:14:41.607701 #51985]  INFO -- default-windows-2008r2sp1: [2016-09-14T02:14:40+00:00] DEBUG: ec2 metadata mixin: EC2 metadata version: 2014-11-05
I, [2016-09-13T22:14:41.853024 #51985]  INFO -- default-windows-2008r2sp1: [2016-09-14T02:14:41+00:00] DEBUG: Re-raising exception: NoMethodError - undefined method `join' for nil:NilClass
I, [2016-09-13T22:14:41.853082 #51985]  INFO -- default-windows-2008r2sp1: C:/opscode/chef/embedded/lib/ruby/gems/2.1.0/gems/ohai-8.19.1/lib/ohai/runner.rb:54:in `rescue in run_plugin'
I, [2016-09-13T22:14:41.853138 #51985]  INFO -- default-windows-2008r2sp1:   C:/opscode/chef/embedded/lib/ruby/gems/2.1.0/gems/ohai-8.19.1/lib/ohai/runner.rb:40:in `run_plugin'
I, [2016-09-13T22:14:41.853156 #51985]  INFO -- default-windows-2008r2sp1:   C:/opscode/chef/embedded/lib/ruby/gems/2.1.0/gems/ohai-8.19.1/lib/ohai/system.rb:98:in `block in run_plugins'
I, [2016-09-13T22:14:41.853172 #51985]  INFO -- default-windows-2008r2sp1:   C:/opscode/chef/embedded/lib/ruby/gems/2.1.0/gems/ohai-8.19.1/lib/ohai/system.rb:97:in `each'
I, [2016-09-13T22:14:41.853188 #51985]  INFO -- default-windows-2008r2sp1:   C:/opscode/chef/embedded/lib/ruby/gems/2.1.0/gems/ohai-8.19.1/lib/ohai/system.rb:97:in `run_plugins'
I, [2016-09-13T22:14:41.853202 #51985]  INFO -- default-windows-2008r2sp1:   C:/opscode/chef/embedded/lib/ruby/gems/2.1.0/gems/ohai-8.19.1/lib/ohai/system.rb:75:in `all_plugins'
I, [2016-09-13T22:14:41.853217 #51985]  INFO -- default-windows-2008r2sp1:   C:/opscode/chef/embedded/lib/ruby/gems/2.1.0/gems/chef-12.13.37-universal-mingw32/lib/chef/client.rb:560:in `run_ohai'
I, [2016-09-13T22:14:41.853232 #51985]  INFO -- default-windows-2008r2sp1:   C:/opscode/chef/embedded/lib/ruby/gems/2.1.0/gems/chef-12.13.37-universal-mingw32/lib/chef/client.rb:264:in `run'
I, [2016-09-13T22:14:41.853450 #51985]  INFO -- default-windows-2008r2sp1:   C:/opscode/chef/embedded/lib/ruby/gems/2.1.0/gems/chef-12.13.37-universal-mingw32/lib/chef/application.rb:284:in `run_with_graceful_exit_option'
I, [2016-09-13T22:14:41.853495 #51985]  INFO -- default-windows-2008r2sp1:   C:/opscode/chef/embedded/lib/ruby/gems/2.1.0/gems/chef-12.13.37-universal-mingw32/lib/chef/application.rb:260:in `block in run_chef_client'
I, [2016-09-13T22:14:41.853516 #51985]  INFO -- default-windows-2008r2sp1:   C:/opscode/chef/embedded/lib/ruby/gems/2.1.0/gems/chef-12.13.37-universal-mingw32/lib/chef/local_mode.rb:44:in `with_server_connectivity'
I, [2016-09-13T22:14:41.853532 #51985]  INFO -- default-windows-2008r2sp1:   C:/opscode/chef/embedded/lib/ruby/gems/2.1.0/gems/chef-12.13.37-universal-mingw32/lib/chef/application.rb:243:in `run_chef_client'
I, [2016-09-13T22:14:41.853548 #51985]  INFO -- default-windows-2008r2sp1:   C:/opscode/chef/embedded/lib/ruby/gems/2.1.0/gems/chef-12.13.37-universal-mingw32/lib/chef/application/client.rb:464:in `sleep_then_run_chef_client'
I, [2016-09-13T22:14:41.853563 #51985]  INFO -- default-windows-2008r2sp1:   C:/opscode/chef/embedded/lib/ruby/gems/2.1.0/gems/chef-12.13.37-universal-mingw32/lib/chef/application/client.rb:451:in `block in interval_run_chef_client'
I, [2016-09-13T22:14:41.853577 #51985]  INFO -- default-windows-2008r2sp1:   C:/opscode/chef/embedded/lib/ruby/gems/2.1.0/gems/chef-12.13.37-universal-mingw32/lib/chef/application/client.rb:450:in `loop'
I, [2016-09-13T22:14:41.853759 #51985]  INFO -- default-windows-2008r2sp1:   C:/opscode/chef/embedded/lib/ruby/gems/2.1.0/gems/chef-12.13.37-universal-mingw32/lib/chef/application/client.rb:450:in `interval_run_chef_client'
I, [2016-09-13T22:14:41.853784 #51985]  INFO -- default-windows-2008r2sp1:   C:/opscode/chef/embedded/lib/ruby/gems/2.1.0/gems/chef-12.13.37-universal-mingw32/lib/chef/application/client.rb:434:in `run_application'
I, [2016-09-13T22:14:41.853801 #51985]  INFO -- default-windows-2008r2sp1:   C:/opscode/chef/embedded/lib/ruby/gems/2.1.0/gems/chef-12.13.37-universal-mingw32/lib/chef/application.rb:60:in `run'
I, [2016-09-13T22:14:41.853816 #51985]  INFO -- default-windows-2008r2sp1:   C:/opscode/chef/embedded/lib/ruby/gems/2.1.0/gems/chef-12.13.37-universal-mingw32/bin/chef-client:26:in `<top (required)>'
I, [2016-09-13T22:14:41.853831 #51985]  INFO -- default-windows-2008r2sp1:   C:/opscode/chef/bin/chef-client:64:in `load'
I, [2016-09-13T22:14:41.853845 #51985]  INFO -- default-windows-2008r2sp1:   C:/opscode/chef/bin/chef-client:64:in `<main>'
I, [2016-09-13T22:14:41.853859 #51985]  INFO -- default-windows-2008r2sp1: 
I, [2016-09-13T22:14:41.853873 #51985]  INFO -- default-windows-2008r2sp1: Running handlers:
I, [2016-09-13T22:14:41.853926 #51985]  INFO -- default-windows-2008r2sp1: [2016-09-14T02:14:41+00:00] ERROR: Running exception handlers
I, [2016-09-13T22:14:41.853942 #51985]  INFO -- default-windows-2008r2sp1: Running handlers complete
I, [2016-09-13T22:14:41.853956 #51985]  INFO -- default-windows-2008r2sp1: [2016-09-14T02:14:41+00:00] ERROR: Exception handlers complete
I, [2016-09-13T22:14:41.853970 #51985]  INFO -- default-windows-2008r2sp1: Chef Client failed. 0 resources updated in 02 seconds
I, [2016-09-13T22:14:41.854222 #51985]  INFO -- default-windows-2008r2sp1: [2016-09-14T02:14:41+00:00] FATAL: NoMethodError: undefined method `join' for nil:NilClass
E, [2016-09-13T22:14:41.942225 #51985] ERROR -- default-windows-2008r2sp1: Converge failed on instance <default-windows-2008r2sp1>.
E, [2016-09-13T22:14:41.942343 #51985] ERROR -- default-windows-2008r2sp1: ------Exception-------
E, [2016-09-13T22:14:41.942365 #51985] ERROR -- default-windows-2008r2sp1: Class: Kitchen::ActionFailed
E, [2016-09-13T22:14:41.942420 #51985] ERROR -- default-windows-2008r2sp1: Message: WinRM exited (1) for command: [$env:TEST_KITCHEN = "1"
$env:PATH = [System.Environment]::GetEnvironmentVariable("PATH","Machine")

& $env:systemdrive\opscode\chef\bin\chef-client.bat --local-mode --config $env:TEMP\kitchen\client.rb --log_level debug --force-formatter --no-color --json-attributes $env:TEMP\kitchen\dna.json --chef-zero-port 8889 ; exit $LastExitCode]
E, [2016-09-13T22:14:41.942445 #51985] ERROR -- default-windows-2008r2sp1: ----------------------
E, [2016-09-13T22:14:41.942460 #51985] ERROR -- default-windows-2008r2sp1: ------Backtrace-------
E, [2016-09-13T22:14:41.942471 #51985] ERROR -- default-windows-2008r2sp1: /opt/chefdk/embedded/lib/ruby/gems/2.1.0/gems/test-kitchen-1.11.1/lib/kitchen/provisioner/base.rb:86:in `rescue in call'
E, [2016-09-13T22:14:41.942484 #51985] ERROR -- default-windows-2008r2sp1: /opt/chefdk/embedded/lib/ruby/gems/2.1.0/gems/test-kitchen-1.11.1/lib/kitchen/provisioner/base.rb:89:in `call'
E, [2016-09-13T22:14:41.942495 #51985] ERROR -- default-windows-2008r2sp1: /opt/chefdk/embedded/lib/ruby/gems/2.1.0/gems/test-kitchen-1.11.1/lib/kitchen/instance.rb:373:in `block in converge_action'
E, [2016-09-13T22:14:41.942507 #51985] ERROR -- default-windows-2008r2sp1: /opt/chefdk/embedded/lib/ruby/gems/2.1.0/gems/test-kitchen-1.11.1/lib/kitchen/instance.rb:513:in `call'
E, [2016-09-13T22:14:41.942519 #51985] ERROR -- default-windows-2008r2sp1: /opt/chefdk/embedded/lib/ruby/gems/2.1.0/gems/test-kitchen-1.11.1/lib/kitchen/instance.rb:513:in `synchronize_or_call'
E, [2016-09-13T22:14:41.942530 #51985] ERROR -- default-windows-2008r2sp1: /opt/chefdk/embedded/lib/ruby/gems/2.1.0/gems/test-kitchen-1.11.1/lib/kitchen/instance.rb:478:in `block in action'
E, [2016-09-13T22:14:41.942545 #51985] ERROR -- default-windows-2008r2sp1: /opt/chefdk/embedded/lib/ruby/2.1.0/benchmark.rb:279:in `measure'
E, [2016-09-13T22:14:41.942558 #51985] ERROR -- default-windows-2008r2sp1: /opt/chefdk/embedded/lib/ruby/gems/2.1.0/gems/test-kitchen-1.11.1/lib/kitchen/instance.rb:477:in `action'
E, [2016-09-13T22:14:41.942570 #51985] ERROR -- default-windows-2008r2sp1: /opt/chefdk/embedded/lib/ruby/gems/2.1.0/gems/test-kitchen-1.11.1/lib/kitchen/instance.rb:369:in `converge_action'
E, [2016-09-13T22:14:41.942581 #51985] ERROR -- default-windows-2008r2sp1: /opt/chefdk/embedded/lib/ruby/gems/2.1.0/gems/test-kitchen-1.11.1/lib/kitchen/instance.rb:348:in `block in transition_to'
E, [2016-09-13T22:14:41.942593 #51985] ERROR -- default-windows-2008r2sp1: /opt/chefdk/embedded/lib/ruby/gems/2.1.0/gems/test-kitchen-1.11.1/lib/kitchen/instance.rb:347:in `each'
E, [2016-09-13T22:14:41.942604 #51985] ERROR -- default-windows-2008r2sp1: /opt/chefdk/embedded/lib/ruby/gems/2.1.0/gems/test-kitchen-1.11.1/lib/kitchen/instance.rb:347:in `transition_to'
E, [2016-09-13T22:14:41.942641 #51985] ERROR -- default-windows-2008r2sp1: /opt/chefdk/embedded/lib/ruby/gems/2.1.0/gems/test-kitchen-1.11.1/lib/kitchen/instance.rb:138:in `converge'
E, [2016-09-13T22:14:41.942653 #51985] ERROR -- default-windows-2008r2sp1: /opt/chefdk/embedded/lib/ruby/gems/2.1.0/gems/test-kitchen-1.11.1/lib/kitchen/command.rb:201:in `public_send'
E, [2016-09-13T22:14:41.942664 #51985] ERROR -- default-windows-2008r2sp1: /opt/chefdk/embedded/lib/ruby/gems/2.1.0/gems/test-kitchen-1.11.1/lib/kitchen/command.rb:201:in `run_action_in_thread'
E, [2016-09-13T22:14:41.942679 #51985] ERROR -- default-windows-2008r2sp1: /opt/chefdk/embedded/lib/ruby/gems/2.1.0/gems/test-kitchen-1.11.1/lib/kitchen/command.rb:173:in `block (2 levels) in run_action'
E, [2016-09-13T22:14:41.942691 #51985] ERROR -- default-windows-2008r2sp1: /opt/chefdk/embedded/lib/ruby/gems/2.1.0/gems/logging-2.1.0/lib/logging/diagnostic_context.rb:450:in `call'
E, [2016-09-13T22:14:41.942702 #51985] ERROR -- default-windows-2008r2sp1: /opt/chefdk/embedded/lib/ruby/gems/2.1.0/gems/logging-2.1.0/lib/logging/diagnostic_context.rb:450:in `block in create_with_logging_context'
E, [2016-09-13T22:14:41.942714 #51985] ERROR -- default-windows-2008r2sp1: ----End Backtrace-----
E, [2016-09-13T22:14:41.942725 #51985] ERROR -- default-windows-2008r2sp1: ---Nested Exception---
E, [2016-09-13T22:14:41.942736 #51985] ERROR -- default-windows-2008r2sp1: Class: Kitchen::Transport::WinrmFailed
E, [2016-09-13T22:14:41.942747 #51985] ERROR -- default-windows-2008r2sp1: Message: WinRM exited (1) for command: [$env:TEST_KITCHEN = "1"
$env:PATH = [System.Environment]::GetEnvironmentVariable("PATH","Machine")

& $env:systemdrive\opscode\chef\bin\chef-client.bat --local-mode --config $env:TEMP\kitchen\client.rb --log_level debug --force-formatter --no-color --json-attributes $env:TEMP\kitchen\dna.json --chef-zero-port 8889 ; exit $LastExitCode]
E, [2016-09-13T22:14:41.942765 #51985] ERROR -- default-windows-2008r2sp1: ----------------------
E, [2016-09-13T22:14:41.942778 #51985] ERROR -- default-windows-2008r2sp1: ------Backtrace-------
E, [2016-09-13T22:14:41.942791 #51985] ERROR -- default-windows-2008r2sp1: /opt/chefdk/embedded/lib/ruby/gems/2.1.0/gems/test-kitchen-1.11.1/lib/kitchen/provisioner/base.rb:86:in `rescue in call'
E, [2016-09-13T22:14:41.942826 #51985] ERROR -- default-windows-2008r2sp1: /opt/chefdk/embedded/lib/ruby/gems/2.1.0/gems/test-kitchen-1.11.1/lib/kitchen/provisioner/base.rb:89:in `call'
E, [2016-09-13T22:14:41.942839 #51985] ERROR -- default-windows-2008r2sp1: /opt/chefdk/embedded/lib/ruby/gems/2.1.0/gems/test-kitchen-1.11.1/lib/kitchen/instance.rb:373:in `block in converge_action'
E, [2016-09-13T22:14:41.942850 #51985] ERROR -- default-windows-2008r2sp1: /opt/chefdk/embedded/lib/ruby/gems/2.1.0/gems/test-kitchen-1.11.1/lib/kitchen/instance.rb:513:in `call'
E, [2016-09-13T22:14:41.942861 #51985] ERROR -- default-windows-2008r2sp1: /opt/chefdk/embedded/lib/ruby/gems/2.1.0/gems/test-kitchen-1.11.1/lib/kitchen/instance.rb:513:in `synchronize_or_call'
E, [2016-09-13T22:14:41.942873 #51985] ERROR -- default-windows-2008r2sp1: /opt/chefdk/embedded/lib/ruby/gems/2.1.0/gems/test-kitchen-1.11.1/lib/kitchen/instance.rb:478:in `block in action'
E, [2016-09-13T22:14:41.942884 #51985] ERROR -- default-windows-2008r2sp1: /opt/chefdk/embedded/lib/ruby/2.1.0/benchmark.rb:279:in `measure'
E, [2016-09-13T22:14:41.942895 #51985] ERROR -- default-windows-2008r2sp1: /opt/chefdk/embedded/lib/ruby/gems/2.1.0/gems/test-kitchen-1.11.1/lib/kitchen/instance.rb:477:in `action'
E, [2016-09-13T22:14:41.942907 #51985] ERROR -- default-windows-2008r2sp1: /opt/chefdk/embedded/lib/ruby/gems/2.1.0/gems/test-kitchen-1.11.1/lib/kitchen/instance.rb:369:in `converge_action'
E, [2016-09-13T22:14:41.942921 #51985] ERROR -- default-windows-2008r2sp1: /opt/chefdk/embedded/lib/ruby/gems/2.1.0/gems/test-kitchen-1.11.1/lib/kitchen/instance.rb:348:in `block in transition_to'
E, [2016-09-13T22:14:41.942933 #51985] ERROR -- default-windows-2008r2sp1: /opt/chefdk/embedded/lib/ruby/gems/2.1.0/gems/test-kitchen-1.11.1/lib/kitchen/instance.rb:347:in `each'
E, [2016-09-13T22:14:41.942944 #51985] ERROR -- default-windows-2008r2sp1: /opt/chefdk/embedded/lib/ruby/gems/2.1.0/gems/test-kitchen-1.11.1/lib/kitchen/instance.rb:347:in `transition_to'
E, [2016-09-13T22:14:41.942956 #51985] ERROR -- default-windows-2008r2sp1: /opt/chefdk/embedded/lib/ruby/gems/2.1.0/gems/test-kitchen-1.11.1/lib/kitchen/instance.rb:138:in `converge'
E, [2016-09-13T22:14:41.942967 #51985] ERROR -- default-windows-2008r2sp1: /opt/chefdk/embedded/lib/ruby/gems/2.1.0/gems/test-kitchen-1.11.1/lib/kitchen/command.rb:201:in `public_send'
E, [2016-09-13T22:14:41.942979 #51985] ERROR -- default-windows-2008r2sp1: /opt/chefdk/embedded/lib/ruby/gems/2.1.0/gems/test-kitchen-1.11.1/lib/kitchen/command.rb:201:in `run_action_in_thread'
E, [2016-09-13T22:14:41.943014 #51985] ERROR -- default-windows-2008r2sp1: /opt/chefdk/embedded/lib/ruby/gems/2.1.0/gems/test-kitchen-1.11.1/lib/kitchen/command.rb:173:in `block (2 levels) in run_action'
E, [2016-09-13T22:14:41.943026 #51985] ERROR -- default-windows-2008r2sp1: /opt/chefdk/embedded/lib/ruby/gems/2.1.0/gems/logging-2.1.0/lib/logging/diagnostic_context.rb:450:in `call'
E, [2016-09-13T22:14:41.943038 #51985] ERROR -- default-windows-2008r2sp1: /opt/chefdk/embedded/lib/ruby/gems/2.1.0/gems/logging-2.1.0/lib/logging/diagnostic_context.rb:450:in `block in create_with_logging_context'
E, [2016-09-13T22:14:41.943052 #51985] ERROR -- default-windows-2008r2sp1: ----End Backtrace-----
